<?xml version="1.0" encoding="UTF-8"?>
<coverage generated="1607290300598" clover="3.2.0">
  <project timestamp="1607290300598" name="All files">
    <metrics statements="64" coveredstatements="62" conditionals="3318" coveredconditionals="163" methods="616" coveredmethods="78" elements="3998" coveredelements="303" complexity="0" loc="64" ncloc="64" packages="2" files="4" classes="4"/>
    <package name="Flask_Project">
      <metrics statements="1" coveredstatements="1" conditionals="3316" coveredconditionals="161" methods="606" coveredmethods="70"/>
      <file name="jquery-3.5.1.min.js" path="/Users/chriskowalczyk/Downloads/GUO/Flask_Project/jquery-3.5.1.min.js">
        <metrics statements="1" coveredstatements="1" conditionals="3316" coveredconditionals="161" methods="606" coveredmethods="70"/>
        <line num="2" count="432" type="cond" truecount="161" falsecount="3155"/>
      </file>
    </package>
    <package name="Flask_Project.static">
      <metrics statements="63" coveredstatements="61" conditionals="2" coveredconditionals="2" methods="10" coveredmethods="8"/>
      <file name="friendSearch.js" path="/Users/chriskowalczyk/Downloads/GUO/Flask_Project/static/friendSearch.js">
        <metrics statements="11" coveredstatements="11" conditionals="0" coveredconditionals="0" methods="1" coveredmethods="1"/>
        <line num="2" count="1" type="stmt"/>
        <line num="3" count="1" type="stmt"/>
        <line num="6" count="2" type="stmt"/>
        <line num="7" count="2" type="stmt"/>
        <line num="8" count="2" type="stmt"/>
        <line num="10" count="2" type="stmt"/>
        <line num="12" count="2" type="stmt"/>
        <line num="13" count="2" type="stmt"/>
        <line num="15" count="2" type="stmt"/>
        <line num="24" count="2" type="stmt"/>
        <line num="27" count="1" type="stmt"/>
      </file>
      <file name="sessions.js" path="/Users/chriskowalczyk/Downloads/GUO/Flask_Project/static/sessions.js">
        <metrics statements="32" coveredstatements="30" conditionals="2" coveredconditionals="2" methods="7" coveredmethods="5"/>
        <line num="2" count="1" type="stmt"/>
        <line num="5" count="2" type="stmt"/>
        <line num="6" count="2" type="stmt"/>
        <line num="7" count="2" type="stmt"/>
        <line num="11" count="2" type="stmt"/>
        <line num="12" count="2" type="stmt"/>
        <line num="13" count="2" type="stmt"/>
        <line num="17" count="2" type="stmt"/>
        <line num="18" count="2" type="stmt"/>
        <line num="20" count="2" type="stmt"/>
        <line num="21" count="2" type="stmt"/>
        <line num="23" count="2" type="stmt"/>
        <line num="24" count="2" type="stmt"/>
        <line num="26" count="2" type="stmt"/>
        <line num="36" count="1" type="stmt"/>
        <line num="42" count="0" type="stmt"/>
        <line num="43" count="0" type="stmt"/>
        <line num="48" count="2" type="stmt"/>
        <line num="49" count="2" type="stmt"/>
        <line num="50" count="2" type="cond" truecount="2" falsecount="0"/>
        <line num="51" count="1" type="stmt"/>
        <line num="53" count="2" type="stmt"/>
        <line num="54" count="2" type="stmt"/>
        <line num="55" count="2" type="stmt"/>
        <line num="56" count="3" type="stmt"/>
        <line num="57" count="3" type="stmt"/>
        <line num="58" count="3" type="stmt"/>
        <line num="59" count="3" type="stmt"/>
        <line num="60" count="3" type="stmt"/>
        <line num="61" count="3" type="stmt"/>
        <line num="63" count="2" type="stmt"/>
        <line num="66" count="1" type="stmt"/>
      </file>
      <file name="view.js" path="/Users/chriskowalczyk/Downloads/GUO/Flask_Project/static/view.js">
        <metrics statements="20" coveredstatements="20" conditionals="0" coveredconditionals="0" methods="2" coveredmethods="2"/>
        <line num="2" count="1" type="stmt"/>
        <line num="4" count="2" type="stmt"/>
        <line num="5" count="2" type="stmt"/>
        <line num="6" count="2" type="stmt"/>
        <line num="8" count="2" type="stmt"/>
        <line num="9" count="2" type="stmt"/>
        <line num="19" count="3" type="stmt"/>
        <line num="20" count="3" type="stmt"/>
        <line num="22" count="3" type="stmt"/>
        <line num="23" count="3" type="stmt"/>
        <line num="24" count="3" type="stmt"/>
        <line num="25" count="3" type="stmt"/>
        <line num="26" count="3" type="stmt"/>
        <line num="28" count="3" type="stmt"/>
        <line num="30" count="3" type="stmt"/>
        <line num="32" count="3" type="stmt"/>
        <line num="33" count="3" type="stmt"/>
        <line num="34" count="3" type="stmt"/>
        <line num="35" count="3" type="stmt"/>
        <line num="44" count="1" type="stmt"/>
      </file>
    </package>
  </project>
</coverage>
