{"/Users/chriskowalczyk/Downloads/GUO/Flask_Project/jquery-3.5.1.min.js": {"path":"/Users/chriskowalczyk/Downloads/GUO/Flask_Project/jquery-3.5.1.min.js","statementMap":{"0":{"start":{"line":2,"column":0},"end":{"line":2,"column":89390}},"1":{"start":{"line":2,"column":28},"end":{"line":2,"column":223}},"2":{"start":{"line":2,"column":131},"end":{"line":2,"column":206}},"3":{"start":{"line":2,"column":146},"end":{"line":2,"column":206}},"4":{"start":{"line":2,"column":206},"end":{"line":2,"column":217}},"5":{"start":{"line":2,"column":297},"end":{"line":2,"column":299}},"6":{"start":{"line":2,"column":302},"end":{"line":2,"column":323}},"7":{"start":{"line":2,"column":326},"end":{"line":2,"column":333}},"8":{"start":{"line":2,"column":336},"end":{"line":2,"column":418}},"9":{"start":{"line":2,"column":355},"end":{"line":2,"column":376}},"10":{"start":{"line":2,"column":390},"end":{"line":2,"column":417}},"11":{"start":{"line":2,"column":421},"end":{"line":2,"column":427}},"12":{"start":{"line":2,"column":430},"end":{"line":2,"column":439}},"13":{"start":{"line":2,"column":442},"end":{"line":2,"column":444}},"14":{"start":{"line":2,"column":447},"end":{"line":2,"column":457}},"15":{"start":{"line":2,"column":460},"end":{"line":2,"column":476}},"16":{"start":{"line":2,"column":479},"end":{"line":2,"column":489}},"17":{"start":{"line":2,"column":492},"end":{"line":2,"column":506}},"18":{"start":{"line":2,"column":509},"end":{"line":2,"column":511}},"19":{"start":{"line":2,"column":514},"end":{"line":2,"column":582}},"20":{"start":{"line":2,"column":526},"end":{"line":2,"column":581}},"21":{"start":{"line":2,"column":585},"end":{"line":2,"column":626}},"22":{"start":{"line":2,"column":597},"end":{"line":2,"column":625}},"23":{"start":{"line":2,"column":629},"end":{"line":2,"column":639}},"24":{"start":{"line":2,"column":642},"end":{"line":2,"column":679}},"25":{"start":{"line":2,"column":708},"end":{"line":2,"column":740}},"26":{"start":{"line":2,"column":741},"end":{"line":2,"column":831}},"27":{"start":{"line":2,"column":755},"end":{"line":2,"column":831}},"28":{"start":{"line":2,"column":766},"end":{"line":2,"column":831}},"29":{"start":{"line":2,"column":831},"end":{"line":2,"column":878}},"30":{"start":{"line":2,"column":893},"end":{"line":2,"column":985}},"31":{"start":{"line":2,"column":992},"end":{"line":2,"column":999}},"32":{"start":{"line":2,"column":1002},"end":{"line":2,"column":1042}},"33":{"start":{"line":2,"column":1016},"end":{"line":2,"column":1041}},"34":{"start":{"line":2,"column":1063},"end":{"line":2,"column":1090}},"35":{"start":{"line":2,"column":1093},"end":{"line":2,"column":1097}},"36":{"start":{"line":2,"column":1098},"end":{"line":2,"column":1173}},"37":{"start":{"line":2,"column":1174},"end":{"line":2,"column":3824}},"38":{"start":{"line":2,"column":1243},"end":{"line":2,"column":1262}},"39":{"start":{"line":2,"column":1280},"end":{"line":2,"column":1339}},"40":{"start":{"line":2,"column":1369},"end":{"line":2,"column":1398}},"41":{"start":{"line":2,"column":1399},"end":{"line":2,"column":1425}},"42":{"start":{"line":2,"column":1444},"end":{"line":2,"column":1465}},"43":{"start":{"line":2,"column":1483},"end":{"line":2,"column":1553}},"44":{"start":{"line":2,"column":1530},"end":{"line":2,"column":1550}},"45":{"start":{"line":2,"column":1572},"end":{"line":2,"column":1618}},"46":{"start":{"line":2,"column":1637},"end":{"line":2,"column":1654}},"47":{"start":{"line":2,"column":1672},"end":{"line":2,"column":1690}},"48":{"start":{"line":2,"column":1708},"end":{"line":2,"column":1772}},"49":{"start":{"line":2,"column":1756},"end":{"line":2,"column":1769}},"50":{"start":{"line":2,"column":1789},"end":{"line":2,"column":1850}},"51":{"start":{"line":2,"column":1837},"end":{"line":2,"column":1847}},"52":{"start":{"line":2,"column":1873},"end":{"line":2,"column":1884}},"53":{"start":{"line":2,"column":1887},"end":{"line":2,"column":1899}},"54":{"start":{"line":2,"column":1900},"end":{"line":2,"column":1945}},"55":{"start":{"line":2,"column":1962},"end":{"line":2,"column":2004}},"56":{"start":{"line":2,"column":2092},"end":{"line":2,"column":2108}},"57":{"start":{"line":2,"column":2111},"end":{"line":2,"column":2112}},"58":{"start":{"line":2,"column":2115},"end":{"line":2,"column":2131}},"59":{"start":{"line":2,"column":2134},"end":{"line":2,"column":2136}},"60":{"start":{"line":2,"column":2137},"end":{"line":2,"column":2480}},"61":{"start":{"line":2,"column":2252},"end":{"line":2,"column":2480}},"62":{"start":{"line":2,"column":2278},"end":{"line":2,"column":2480}},"63":{"start":{"line":2,"column":2289},"end":{"line":2,"column":2480}},"64":{"start":{"line":2,"column":2480},"end":{"line":2,"column":2488}},"65":{"start":{"line":2,"column":2582},"end":{"line":2,"column":2600}},"66":{"start":{"line":2,"column":2654},"end":{"line":2,"column":2786}},"67":{"start":{"line":2,"column":2820},"end":{"line":2,"column":2840}},"68":{"start":{"line":2,"column":2831},"end":{"line":2,"column":2840}},"69":{"start":{"line":2,"column":2840},"end":{"line":2,"column":2848}},"70":{"start":{"line":2,"column":2877},"end":{"line":2,"column":2902}},"71":{"start":{"line":2,"column":2931},"end":{"line":2,"column":2932}},"72":{"start":{"line":2,"column":2933},"end":{"line":2,"column":3049}},"73":{"start":{"line":2,"column":2942},"end":{"line":2,"column":2998}},"74":{"start":{"line":2,"column":2965},"end":{"line":2,"column":2998}},"75":{"start":{"line":2,"column":2993},"end":{"line":2,"column":2998}},"76":{"start":{"line":2,"column":3004},"end":{"line":2,"column":3049}},"77":{"start":{"line":2,"column":3015},"end":{"line":2,"column":3049}},"78":{"start":{"line":2,"column":3043},"end":{"line":2,"column":3049}},"79":{"start":{"line":2,"column":3049},"end":{"line":2,"column":3057}},"80":{"start":{"line":2,"column":3089},"end":{"line":2,"column":3094}},"81":{"start":{"line":2,"column":3095},"end":{"line":2,"column":3175}},"82":{"start":{"line":2,"column":3201},"end":{"line":2,"column":3232}},"83":{"start":{"line":2,"column":3254},"end":{"line":2,"column":3309}},"84":{"start":{"line":2,"column":3264},"end":{"line":2,"column":3273}},"85":{"start":{"line":2,"column":3276},"end":{"line":2,"column":3277}},"86":{"start":{"line":2,"column":3280},"end":{"line":2,"column":3288}},"87":{"start":{"line":2,"column":3297},"end":{"line":2,"column":3309}},"88":{"start":{"line":2,"column":3309},"end":{"line":2,"column":3328}},"89":{"start":{"line":2,"column":3351},"end":{"line":2,"column":3421}},"90":{"start":{"line":2,"column":3361},"end":{"line":2,"column":3363}},"91":{"start":{"line":2,"column":3366},"end":{"line":2,"column":3367}},"92":{"start":{"line":2,"column":3370},"end":{"line":2,"column":3378}},"93":{"start":{"line":2,"column":3381},"end":{"line":2,"column":3383}},"94":{"start":{"line":2,"column":3392},"end":{"line":2,"column":3421}},"95":{"start":{"line":2,"column":3421},"end":{"line":2,"column":3429}},"96":{"start":{"line":2,"column":3461},"end":{"line":2,"column":3462}},"97":{"start":{"line":2,"column":3465},"end":{"line":2,"column":3467}},"98":{"start":{"line":2,"column":3468},"end":{"line":2,"column":3581}},"99":{"start":{"line":2,"column":3476},"end":{"line":2,"column":3532}},"100":{"start":{"line":2,"column":3499},"end":{"line":2,"column":3532}},"101":{"start":{"line":2,"column":3537},"end":{"line":2,"column":3581}},"102":{"start":{"line":2,"column":3548},"end":{"line":2,"column":3581}},"103":{"start":{"line":2,"column":3581},"end":{"line":2,"column":3592}},"104":{"start":{"line":2,"column":3786},"end":{"line":2,"column":3821}},"105":{"start":{"line":2,"column":3830},"end":{"line":2,"column":23808}},"106":{"start":{"line":2,"column":3886},"end":{"line":2,"column":3905}},"107":{"start":{"line":2,"column":3908},"end":{"line":2,"column":3918}},"108":{"start":{"line":2,"column":3921},"end":{"line":2,"column":3922}},"109":{"start":{"line":2,"column":3925},"end":{"line":2,"column":3926}},"110":{"start":{"line":2,"column":3929},"end":{"line":2,"column":3933}},"111":{"start":{"line":2,"column":3936},"end":{"line":2,"column":3940}},"112":{"start":{"line":2,"column":3943},"end":{"line":2,"column":3947}},"113":{"start":{"line":2,"column":3950},"end":{"line":2,"column":3954}},"114":{"start":{"line":2,"column":3957},"end":{"line":2,"column":3994}},"115":{"start":{"line":2,"column":3971},"end":{"line":2,"column":3993}},"116":{"start":{"line":2,"column":3997},"end":{"line":2,"column":4014}},"117":{"start":{"line":2,"column":4017},"end":{"line":2,"column":4019}},"118":{"start":{"line":2,"column":4022},"end":{"line":2,"column":4027}},"119":{"start":{"line":2,"column":4030},"end":{"line":2,"column":4036}},"120":{"start":{"line":2,"column":4039},"end":{"line":2,"column":4045}},"121":{"start":{"line":2,"column":4048},"end":{"line":2,"column":4055}},"122":{"start":{"line":2,"column":4058},"end":{"line":2,"column":4133}},"123":{"start":{"line":2,"column":4072},"end":{"line":2,"column":4124}},"124":{"start":{"line":2,"column":4082},"end":{"line":2,"column":4083}},"125":{"start":{"line":2,"column":4086},"end":{"line":2,"column":4094}},"126":{"start":{"line":2,"column":4103},"end":{"line":2,"column":4124}},"127":{"start":{"line":2,"column":4115},"end":{"line":2,"column":4124}},"128":{"start":{"line":2,"column":4124},"end":{"line":2,"column":4132}},"129":{"start":{"line":2,"column":4136},"end":{"line":2,"column":4260}},"130":{"start":{"line":2,"column":4263},"end":{"line":2,"column":4284}},"131":{"start":{"line":2,"column":4287},"end":{"line":2,"column":4356}},"132":{"start":{"line":2,"column":4359},"end":{"line":2,"column":4477}},"133":{"start":{"line":2,"column":4480},"end":{"line":2,"column":4591}},"134":{"start":{"line":2,"column":4594},"end":{"line":2,"column":4615}},"135":{"start":{"line":2,"column":4618},"end":{"line":2,"column":4676}},"136":{"start":{"line":2,"column":4679},"end":{"line":2,"column":4707}},"137":{"start":{"line":2,"column":4710},"end":{"line":2,"column":4750}},"138":{"start":{"line":2,"column":4753},"end":{"line":2,"column":4771}},"139":{"start":{"line":2,"column":4774},"end":{"line":2,"column":4787}},"140":{"start":{"line":2,"column":4790},"end":{"line":2,"column":4811}},"141":{"start":{"line":2,"column":4814},"end":{"line":2,"column":5270}},"142":{"start":{"line":2,"column":5273},"end":{"line":2,"column":5281}},"143":{"start":{"line":2,"column":5284},"end":{"line":2,"column":5321}},"144":{"start":{"line":2,"column":5324},"end":{"line":2,"column":5332}},"145":{"start":{"line":2,"column":5335},"end":{"line":2,"column":5359}},"146":{"start":{"line":2,"column":5362},"end":{"line":2,"column":5396}},"147":{"start":{"line":2,"column":5400},"end":{"line":2,"column":5406}},"148":{"start":{"line":2,"column":5410},"end":{"line":2,"column":5473}},"149":{"start":{"line":2,"column":5477},"end":{"line":2,"column":5610}},"150":{"start":{"line":2,"column":5497},"end":{"line":2,"column":5518}},"151":{"start":{"line":2,"column":5519},"end":{"line":2,"column":5609}},"152":{"start":{"line":2,"column":5614},"end":{"line":2,"column":5667}},"153":{"start":{"line":2,"column":5671},"end":{"line":2,"column":5780}},"154":{"start":{"line":2,"column":5685},"end":{"line":2,"column":5779}},"155":{"start":{"line":2,"column":5784},"end":{"line":2,"column":5799}},"156":{"start":{"line":2,"column":5795},"end":{"line":2,"column":5798}},"157":{"start":{"line":2,"column":5803},"end":{"line":2,"column":5913}},"158":{"start":{"line":2,"column":5818},"end":{"line":2,"column":5878}},"159":{"start":{"line":2,"column":5914},"end":{"line":2,"column":6127}},"160":{"start":{"line":2,"column":5918},"end":{"line":2,"column":5994}},"161":{"start":{"line":2,"column":6004},"end":{"line":2,"column":6126}},"162":{"start":{"line":2,"column":6036},"end":{"line":2,"column":6056}},"163":{"start":{"line":2,"column":6078},"end":{"line":2,"column":6086}},"164":{"start":{"line":2,"column":6089},"end":{"line":2,"column":6090}},"165":{"start":{"line":2,"column":6091},"end":{"line":2,"column":6112}},"166":{"start":{"line":2,"column":6112},"end":{"line":2,"column":6124}},"167":{"start":{"line":2,"column":6168},"end":{"line":2,"column":6186}},"168":{"start":{"line":2,"column":6189},"end":{"line":2,"column":6203}},"169":{"start":{"line":2,"column":6204},"end":{"line":2,"column":6269}},"170":{"start":{"line":2,"column":6260},"end":{"line":2,"column":6269}},"171":{"start":{"line":2,"column":6269},"end":{"line":2,"column":7081}},"172":{"start":{"line":2,"column":6293},"end":{"line":2,"column":6650}},"173":{"start":{"line":2,"column":6318},"end":{"line":2,"column":6650}},"174":{"start":{"line":2,"column":6329},"end":{"line":2,"column":6478}},"175":{"start":{"line":2,"column":6339},"end":{"line":2,"column":6376}},"176":{"start":{"line":2,"column":6367},"end":{"line":2,"column":6376}},"177":{"start":{"line":2,"column":6376},"end":{"line":2,"column":6406}},"178":{"start":{"line":2,"column":6388},"end":{"line":2,"column":6406}},"179":{"start":{"line":2,"column":6412},"end":{"line":2,"column":6478}},"180":{"start":{"line":2,"column":6460},"end":{"line":2,"column":6478}},"181":{"start":{"line":2,"column":6484},"end":{"line":2,"column":6538}},"182":{"start":{"line":2,"column":6492},"end":{"line":2,"column":6538}},"183":{"start":{"line":2,"column":6538},"end":{"line":2,"column":6649}},"184":{"start":{"line":2,"column":6602},"end":{"line":2,"column":6649}},"185":{"start":{"line":2,"column":6650},"end":{"line":2,"column":7080}},"186":{"start":{"line":2,"column":6735},"end":{"line":2,"column":6977}},"187":{"start":{"line":2,"column":6777},"end":{"line":2,"column":6916}},"188":{"start":{"line":2,"column":6916},"end":{"line":2,"column":6963}},"189":{"start":{"line":2,"column":6926},"end":{"line":2,"column":6963}},"190":{"start":{"line":2,"column":6963},"end":{"line":2,"column":6976}},"191":{"start":{"line":2,"column":6977},"end":{"line":2,"column":7079}},"192":{"start":{"line":2,"column":6981},"end":{"line":2,"column":7022}},"193":{"start":{"line":2,"column":7032},"end":{"line":2,"column":7039}},"194":{"start":{"line":2,"column":7048},"end":{"line":2,"column":7078}},"195":{"start":{"line":2,"column":7081},"end":{"line":2,"column":7114}},"196":{"start":{"line":2,"column":7135},"end":{"line":2,"column":7137}},"197":{"start":{"line":2,"column":7138},"end":{"line":2,"column":7228}},"198":{"start":{"line":2,"column":7161},"end":{"line":2,"column":7227}},"199":{"start":{"line":2,"column":7244},"end":{"line":2,"column":7260}},"200":{"start":{"line":2,"column":7282},"end":{"line":2,"column":7309}},"201":{"start":{"line":2,"column":7310},"end":{"line":2,"column":7402}},"202":{"start":{"line":2,"column":7314},"end":{"line":2,"column":7326}},"203":{"start":{"line":2,"column":7336},"end":{"line":2,"column":7344}},"204":{"start":{"line":2,"column":7353},"end":{"line":2,"column":7401}},"205":{"start":{"line":2,"column":7426},"end":{"line":2,"column":7438}},"206":{"start":{"line":2,"column":7441},"end":{"line":2,"column":7449}},"207":{"start":{"line":2,"column":7450},"end":{"line":2,"column":7480}},"208":{"start":{"line":2,"column":7460},"end":{"line":2,"column":7480}},"209":{"start":{"line":2,"column":7504},"end":{"line":2,"column":7508}},"210":{"start":{"line":2,"column":7511},"end":{"line":2,"column":7573}},"211":{"start":{"line":2,"column":7574},"end":{"line":2,"column":7588}},"212":{"start":{"line":2,"column":7579},"end":{"line":2,"column":7588}},"213":{"start":{"line":2,"column":7588},"end":{"line":2,"column":7633}},"214":{"start":{"line":2,"column":7593},"end":{"line":2,"column":7633}},"215":{"start":{"line":2,"column":7615},"end":{"line":2,"column":7633}},"216":{"start":{"line":2,"column":7624},"end":{"line":2,"column":7633}},"217":{"start":{"line":2,"column":7633},"end":{"line":2,"column":7646}},"218":{"start":{"line":2,"column":7662},"end":{"line":2,"column":7734}},"219":{"start":{"line":2,"column":7681},"end":{"line":2,"column":7733}},"220":{"start":{"line":2,"column":7750},"end":{"line":2,"column":7846}},"221":{"start":{"line":2,"column":7775},"end":{"line":2,"column":7799}},"222":{"start":{"line":2,"column":7800},"end":{"line":2,"column":7845}},"223":{"start":{"line":2,"column":7862},"end":{"line":2,"column":8094}},"224":{"start":{"line":2,"column":7881},"end":{"line":2,"column":8093}},"225":{"start":{"line":2,"column":8110},"end":{"line":2,"column":8241}},"226":{"start":{"line":2,"column":8132},"end":{"line":2,"column":8239}},"227":{"start":{"line":2,"column":8169},"end":{"line":2,"column":8185}},"228":{"start":{"line":2,"column":8188},"end":{"line":2,"column":8196}},"229":{"start":{"line":2,"column":8197},"end":{"line":2,"column":8237}},"230":{"start":{"line":2,"column":8207},"end":{"line":2,"column":8237}},"231":{"start":{"line":2,"column":8257},"end":{"line":2,"column":8312}},"232":{"start":{"line":2,"column":8313},"end":{"line":2,"column":19022}},"233":{"start":{"line":2,"column":8367},"end":{"line":2,"column":8381}},"234":{"start":{"line":2,"column":8384},"end":{"line":2,"column":8420}},"235":{"start":{"line":2,"column":8421},"end":{"line":2,"column":8460}},"236":{"start":{"line":2,"column":8501},"end":{"line":2,"column":8523}},"237":{"start":{"line":2,"column":8524},"end":{"line":2,"column":12894}},"238":{"start":{"line":2,"column":8764},"end":{"line":2,"column":8913}},"239":{"start":{"line":2,"column":8944},"end":{"line":2,"column":8995}},"240":{"start":{"line":2,"column":9036},"end":{"line":2,"column":9113}},"241":{"start":{"line":2,"column":9199},"end":{"line":2,"column":9280}},"242":{"start":{"line":2,"column":9324},"end":{"line":2,"column":9340}},"243":{"start":{"line":2,"column":9341},"end":{"line":2,"column":9392}},"244":{"start":{"line":2,"column":9360},"end":{"line":2,"column":9391}},"245":{"start":{"line":2,"column":9418},"end":{"line":2,"column":9504}},"246":{"start":{"line":2,"column":9468},"end":{"line":2,"column":9487}},"247":{"start":{"line":2,"column":9488},"end":{"line":2,"column":9503}},"248":{"start":{"line":2,"column":9538},"end":{"line":2,"column":9554}},"249":{"start":{"line":2,"column":9555},"end":{"line":2,"column":9667}},"250":{"start":{"line":2,"column":9580},"end":{"line":2,"column":9644}},"251":{"start":{"line":2,"column":9645},"end":{"line":2,"column":9666}},"252":{"start":{"line":2,"column":9693},"end":{"line":2,"column":9938}},"253":{"start":{"line":2,"column":9749},"end":{"line":2,"column":9768}},"254":{"start":{"line":2,"column":9769},"end":{"line":2,"column":9929}},"255":{"start":{"line":2,"column":9775},"end":{"line":2,"column":9830}},"256":{"start":{"line":2,"column":9820},"end":{"line":2,"column":9830}},"257":{"start":{"line":2,"column":9830},"end":{"line":2,"column":9859}},"258":{"start":{"line":2,"column":9859},"end":{"line":2,"column":9928}},"259":{"start":{"line":2,"column":9874},"end":{"line":2,"column":9928}},"260":{"start":{"line":2,"column":9919},"end":{"line":2,"column":9928}},"261":{"start":{"line":2,"column":9929},"end":{"line":2,"column":9937}},"262":{"start":{"line":2,"column":9989},"end":{"line":2,"column":10098}},"263":{"start":{"line":2,"column":10122},"end":{"line":2,"column":10124}},"264":{"start":{"line":2,"column":10127},"end":{"line":2,"column":10128}},"265":{"start":{"line":2,"column":10131},"end":{"line":2,"column":10156}},"266":{"start":{"line":2,"column":10157},"end":{"line":2,"column":10219}},"267":{"start":{"line":2,"column":10169},"end":{"line":2,"column":10210}},"268":{"start":{"line":2,"column":10184},"end":{"line":2,"column":10210}},"269":{"start":{"line":2,"column":10210},"end":{"line":2,"column":10218}},"270":{"start":{"line":2,"column":10219},"end":{"line":2,"column":10227}},"271":{"start":{"line":2,"column":10282},"end":{"line":2,"column":10367}},"272":{"start":{"line":2,"column":10333},"end":{"line":2,"column":10367}},"273":{"start":{"line":2,"column":10437},"end":{"line":2,"column":11105}},"274":{"start":{"line":2,"column":11123},"end":{"line":2,"column":11219}},"275":{"start":{"line":2,"column":11225},"end":{"line":2,"column":11249}},"276":{"start":{"line":2,"column":11250},"end":{"line":2,"column":11613}},"277":{"start":{"line":2,"column":11761},"end":{"line":2,"column":11831}},"278":{"start":{"line":2,"column":11986},"end":{"line":2,"column":12020}},"279":{"start":{"line":2,"column":12023},"end":{"line":2,"column":12038}},"280":{"start":{"line":2,"column":12039},"end":{"line":2,"column":12162}},"281":{"start":{"line":2,"column":12178},"end":{"line":2,"column":12222}},"282":{"start":{"line":2,"column":12183},"end":{"line":2,"column":12222}},"283":{"start":{"line":2,"column":12204},"end":{"line":2,"column":12222}},"284":{"start":{"line":2,"column":12213},"end":{"line":2,"column":12222}},"285":{"start":{"line":2,"column":12222},"end":{"line":2,"column":12230}},"286":{"start":{"line":2,"column":12250},"end":{"line":2,"column":12273}},"287":{"start":{"line":2,"column":12259},"end":{"line":2,"column":12273}},"288":{"start":{"line":2,"column":12279},"end":{"line":2,"column":12332}},"289":{"start":{"line":2,"column":12333},"end":{"line":2,"column":12573}},"290":{"start":{"line":2,"column":12589},"end":{"line":2,"column":12612}},"291":{"start":{"line":2,"column":12598},"end":{"line":2,"column":12612}},"292":{"start":{"line":2,"column":12620},"end":{"line":2,"column":12621}},"293":{"start":{"line":2,"column":12624},"end":{"line":2,"column":12636}},"294":{"start":{"line":2,"column":12639},"end":{"line":2,"column":12651}},"295":{"start":{"line":2,"column":12654},"end":{"line":2,"column":12657}},"296":{"start":{"line":2,"column":12660},"end":{"line":2,"column":12663}},"297":{"start":{"line":2,"column":12664},"end":{"line":2,"column":12723}},"298":{"start":{"line":2,"column":12674},"end":{"line":2,"column":12723}},"299":{"start":{"line":2,"column":12723},"end":{"line":2,"column":12747}},"300":{"start":{"line":2,"column":12732},"end":{"line":2,"column":12747}},"301":{"start":{"line":2,"column":12747},"end":{"line":2,"column":12751}},"302":{"start":{"line":2,"column":12751},"end":{"line":2,"column":12785}},"303":{"start":{"line":2,"column":12772},"end":{"line":2,"column":12785}},"304":{"start":{"line":2,"column":12785},"end":{"line":2,"column":12789}},"305":{"start":{"line":2,"column":12789},"end":{"line":2,"column":12823}},"306":{"start":{"line":2,"column":12810},"end":{"line":2,"column":12823}},"307":{"start":{"line":2,"column":12823},"end":{"line":2,"column":12845}},"308":{"start":{"line":2,"column":12841},"end":{"line":2,"column":12845}},"309":{"start":{"line":2,"column":12845},"end":{"line":2,"column":12890}},"310":{"start":{"line":2,"column":12921},"end":{"line":2,"column":12945}},"311":{"start":{"line":2,"column":12980},"end":{"line":2,"column":13168}},"312":{"start":{"line":2,"column":13056},"end":{"line":2,"column":13168}},"313":{"start":{"line":2,"column":13066},"end":{"line":2,"column":13077}},"314":{"start":{"line":2,"column":13078},"end":{"line":2,"column":13150}},"315":{"start":{"line":2,"column":13142},"end":{"line":2,"column":13150}},"316":{"start":{"line":2,"column":13160},"end":{"line":2,"column":13167}},"317":{"start":{"line":2,"column":13168},"end":{"line":2,"column":13200}},"318":{"start":{"line":2,"column":13228},"end":{"line":2,"column":13270}},"319":{"start":{"line":2,"column":13294},"end":{"line":2,"column":13324}},"320":{"start":{"line":2,"column":13330},"end":{"line":2,"column":13359}},"321":{"start":{"line":2,"column":13362},"end":{"line":2,"column":13418}},"322":{"start":{"line":2,"column":13419},"end":{"line":2,"column":13525}},"323":{"start":{"line":2,"column":13549},"end":{"line":2,"column":13576}},"324":{"start":{"line":2,"column":13599},"end":{"line":2,"column":13659}},"325":{"start":{"line":2,"column":13695},"end":{"line":2,"column":13697}},"326":{"start":{"line":2,"column":13700},"end":{"line":2,"column":13701}},"327":{"start":{"line":2,"column":13704},"end":{"line":2,"column":13705}},"328":{"start":{"line":2,"column":13706},"end":{"line":2,"column":13838}},"329":{"start":{"line":2,"column":13772},"end":{"line":2,"column":13811}},"330":{"start":{"line":2,"column":13787},"end":{"line":2,"column":13811}},"331":{"start":{"line":2,"column":13811},"end":{"line":2,"column":13837}},"332":{"start":{"line":2,"column":13821},"end":{"line":2,"column":13837}},"333":{"start":{"line":2,"column":13838},"end":{"line":2,"column":13853}},"334":{"start":{"line":2,"column":13888},"end":{"line":2,"column":13890}},"335":{"start":{"line":2,"column":13893},"end":{"line":2,"column":13894}},"336":{"start":{"line":2,"column":13897},"end":{"line":2,"column":13907}},"337":{"start":{"line":2,"column":13908},"end":{"line":2,"column":14107}},"338":{"start":{"line":2,"column":13914},"end":{"line":2,"column":14078}},"339":{"start":{"line":2,"column":13939},"end":{"line":2,"column":13994}},"340":{"start":{"line":2,"column":13973},"end":{"line":2,"column":13994}},"341":{"start":{"line":2,"column":13994},"end":{"line":2,"column":14038}},"342":{"start":{"line":2,"column":14031},"end":{"line":2,"column":14038}},"343":{"start":{"line":2,"column":14044},"end":{"line":2,"column":14078}},"344":{"start":{"line":2,"column":14060},"end":{"line":2,"column":14078}},"345":{"start":{"line":2,"column":14084},"end":{"line":2,"column":14107}},"346":{"start":{"line":2,"column":14099},"end":{"line":2,"column":14107}},"347":{"start":{"line":2,"column":14107},"end":{"line":2,"column":14115}},"348":{"start":{"line":2,"column":14354},"end":{"line":2,"column":14474}},"349":{"start":{"line":2,"column":14494},"end":{"line":2,"column":14686}},"350":{"start":{"line":2,"column":14715},"end":{"line":2,"column":14726}},"351":{"start":{"line":2,"column":14727},"end":{"line":2,"column":14905}},"352":{"start":{"line":2,"column":14938},"end":{"line":2,"column":14968}},"353":{"start":{"line":2,"column":14969},"end":{"line":2,"column":15064}},"354":{"start":{"line":2,"column":14994},"end":{"line":2,"column":15002}},"355":{"start":{"line":2,"column":15016},"end":{"line":2,"column":15063}},"356":{"start":{"line":2,"column":15090},"end":{"line":2,"column":15098}},"357":{"start":{"line":2,"column":15099},"end":{"line":2,"column":15291}},"358":{"start":{"line":2,"column":15168},"end":{"line":2,"column":15289}},"359":{"start":{"line":2,"column":15314},"end":{"line":2,"column":15608}},"360":{"start":{"line":2,"column":15339},"end":{"line":2,"column":15351}},"361":{"start":{"line":2,"column":15352},"end":{"line":2,"column":15607}},"362":{"start":{"line":2,"column":15642},"end":{"line":2,"column":15662}},"363":{"start":{"line":2,"column":15665},"end":{"line":2,"column":15685}},"364":{"start":{"line":2,"column":15688},"end":{"line":2,"column":15701}},"365":{"start":{"line":2,"column":15702},"end":{"line":2,"column":16595}},"366":{"start":{"line":2,"column":15734},"end":{"line":2,"column":15754}},"367":{"start":{"line":2,"column":15790},"end":{"line":2,"column":15827}},"368":{"start":{"line":2,"column":15830},"end":{"line":2,"column":15842}},"369":{"start":{"line":2,"column":15845},"end":{"line":2,"column":15872}},"370":{"start":{"line":2,"column":15875},"end":{"line":2,"column":15881}},"371":{"start":{"line":2,"column":15884},"end":{"line":2,"column":15886}},"372":{"start":{"line":2,"column":15887},"end":{"line":2,"column":16594}},"373":{"start":{"line":2,"column":15893},"end":{"line":2,"column":16026}},"374":{"start":{"line":2,"column":15899},"end":{"line":2,"column":16017}},"375":{"start":{"line":2,"column":15908},"end":{"line":2,"column":15912}},"376":{"start":{"line":2,"column":15912},"end":{"line":2,"column":15983}},"377":{"start":{"line":2,"column":15925},"end":{"line":2,"column":15983}},"378":{"start":{"line":2,"column":15974},"end":{"line":2,"column":15983}},"379":{"start":{"line":2,"column":15983},"end":{"line":2,"column":16016}},"380":{"start":{"line":2,"column":16017},"end":{"line":2,"column":16025}},"381":{"start":{"line":2,"column":16026},"end":{"line":2,"column":16561}},"382":{"start":{"line":2,"column":16066},"end":{"line":2,"column":16183}},"383":{"start":{"line":2,"column":16183},"end":{"line":2,"column":16272}},"384":{"start":{"line":2,"column":16222},"end":{"line":2,"column":16272}},"385":{"start":{"line":2,"column":16253},"end":{"line":2,"column":16266}},"386":{"start":{"line":2,"column":16266},"end":{"line":2,"column":16271}},"387":{"start":{"line":2,"column":16278},"end":{"line":2,"column":16561}},"388":{"start":{"line":2,"column":16381},"end":{"line":2,"column":16561}},"389":{"start":{"line":2,"column":16420},"end":{"line":2,"column":16561}},"390":{"start":{"line":2,"column":16555},"end":{"line":2,"column":16561}},"391":{"start":{"line":2,"column":16561},"end":{"line":2,"column":16593}},"392":{"start":{"line":2,"column":16626},"end":{"line":2,"column":16705}},"393":{"start":{"line":2,"column":16706},"end":{"line":2,"column":16907}},"394":{"start":{"line":2,"column":16818},"end":{"line":2,"column":16824}},"395":{"start":{"line":2,"column":16827},"end":{"line":2,"column":16835}},"396":{"start":{"line":2,"column":16836},"end":{"line":2,"column":16873}},"397":{"start":{"line":2,"column":16846},"end":{"line":2,"column":16873}},"398":{"start":{"line":2,"column":16888},"end":{"line":2,"column":16903}},"399":{"start":{"line":2,"column":16944},"end":{"line":2,"column":16946}},"400":{"start":{"line":2,"column":16949},"end":{"line":2,"column":16951}},"401":{"start":{"line":2,"column":16954},"end":{"line":2,"column":16974}},"402":{"start":{"line":2,"column":16975},"end":{"line":2,"column":17144}},"403":{"start":{"line":2,"column":17016},"end":{"line":2,"column":17030}},"404":{"start":{"line":2,"column":17033},"end":{"line":2,"column":17041}},"405":{"start":{"line":2,"column":17042},"end":{"line":2,"column":17078}},"406":{"start":{"line":2,"column":17052},"end":{"line":2,"column":17078}},"407":{"start":{"line":2,"column":17097},"end":{"line":2,"column":17143}},"408":{"start":{"line":2,"column":17166},"end":{"line":2,"column":17209}},"409":{"start":{"line":2,"column":17185},"end":{"line":2,"column":17208}},"410":{"start":{"line":2,"column":17236},"end":{"line":2,"column":17316}},"411":{"start":{"line":2,"column":17274},"end":{"line":2,"column":17315}},"412":{"start":{"line":2,"column":17339},"end":{"line":2,"column":17614}},"413":{"start":{"line":2,"column":17445},"end":{"line":2,"column":17605}},"414":{"start":{"line":2,"column":17448},"end":{"line":2,"column":17564}},"415":{"start":{"line":2,"column":17513},"end":{"line":2,"column":17564}},"416":{"start":{"line":2,"column":17605},"end":{"line":2,"column":17613}},"417":{"start":{"line":2,"column":17642},"end":{"line":2,"column":17669}},"418":{"start":{"line":2,"column":17670},"end":{"line":2,"column":17697}},"419":{"start":{"line":2,"column":17716},"end":{"line":2,"column":17728}},"420":{"start":{"line":2,"column":17748},"end":{"line":2,"column":17836}},"421":{"start":{"line":2,"column":17895},"end":{"line":2,"column":17919}},"422":{"start":{"line":2,"column":17920},"end":{"line":2,"column":17978}},"423":{"start":{"line":2,"column":18001},"end":{"line":2,"column":18064}},"424":{"start":{"line":2,"column":18084},"end":{"line":2,"column":18146}},"425":{"start":{"line":2,"column":18121},"end":{"line":2,"column":18146}},"426":{"start":{"line":2,"column":18137},"end":{"line":2,"column":18146}},"427":{"start":{"line":2,"column":18146},"end":{"line":2,"column":18154}},"428":{"start":{"line":2,"column":18175},"end":{"line":2,"column":18200}},"429":{"start":{"line":2,"column":18221},"end":{"line":2,"column":18246}},"430":{"start":{"line":2,"column":18266},"end":{"line":2,"column":18291}},"431":{"start":{"line":2,"column":18318},"end":{"line":2,"column":18342}},"432":{"start":{"line":2,"column":18343},"end":{"line":2,"column":18393}},"433":{"start":{"line":2,"column":18418},"end":{"line":2,"column":18537}},"434":{"start":{"line":2,"column":18559},"end":{"line":2,"column":18568}},"435":{"start":{"line":2,"column":18593},"end":{"line":2,"column":18604}},"436":{"start":{"line":2,"column":18629},"end":{"line":2,"column":18646}},"437":{"start":{"line":2,"column":18671},"end":{"line":2,"column":18702}},"438":{"start":{"line":2,"column":18681},"end":{"line":2,"column":18682}},"439":{"start":{"line":2,"column":18692},"end":{"line":2,"column":18702}},"440":{"start":{"line":2,"column":18702},"end":{"line":2,"column":18710}},"441":{"start":{"line":2,"column":18734},"end":{"line":2,"column":18765}},"442":{"start":{"line":2,"column":18744},"end":{"line":2,"column":18745}},"443":{"start":{"line":2,"column":18755},"end":{"line":2,"column":18765}},"444":{"start":{"line":2,"column":18765},"end":{"line":2,"column":18773}},"445":{"start":{"line":2,"column":18798},"end":{"line":2,"column":18842}},"446":{"start":{"line":2,"column":18808},"end":{"line":2,"column":18823}},"447":{"start":{"line":2,"column":18832},"end":{"line":2,"column":18842}},"448":{"start":{"line":2,"column":18842},"end":{"line":2,"column":18850}},"449":{"start":{"line":2,"column":18875},"end":{"line":2,"column":18912}},"450":{"start":{"line":2,"column":18885},"end":{"line":2,"column":18894}},"451":{"start":{"line":2,"column":18902},"end":{"line":2,"column":18912}},"452":{"start":{"line":2,"column":18912},"end":{"line":2,"column":18920}},"453":{"start":{"line":2,"column":19003},"end":{"line":2,"column":19022}},"454":{"start":{"line":2,"column":19022},"end":{"line":2,"column":19070}},"455":{"start":{"line":2,"column":19051},"end":{"line":2,"column":19070}},"456":{"start":{"line":2,"column":19100},"end":{"line":2,"column":19150}},"457":{"start":{"line":2,"column":19110},"end":{"line":2,"column":19111}},"458":{"start":{"line":2,"column":19114},"end":{"line":2,"column":19122}},"459":{"start":{"line":2,"column":19125},"end":{"line":2,"column":19127}},"460":{"start":{"line":2,"column":19136},"end":{"line":2,"column":19150}},"461":{"start":{"line":2,"column":19150},"end":{"line":2,"column":19158}},"462":{"start":{"line":2,"column":19184},"end":{"line":2,"column":19189}},"463":{"start":{"line":2,"column":19192},"end":{"line":2,"column":19198}},"464":{"start":{"line":2,"column":19201},"end":{"line":2,"column":19205}},"465":{"start":{"line":2,"column":19208},"end":{"line":2,"column":19227}},"466":{"start":{"line":2,"column":19230},"end":{"line":2,"column":19233}},"467":{"start":{"line":2,"column":19234},"end":{"line":2,"column":19654}},"468":{"start":{"line":2,"column":19265},"end":{"line":2,"column":19315}},"469":{"start":{"line":2,"column":19278},"end":{"line":2,"column":19315}},"470":{"start":{"line":2,"column":19299},"end":{"line":2,"column":19315}},"471":{"start":{"line":2,"column":19315},"end":{"line":2,"column":19323}},"472":{"start":{"line":2,"column":19353},"end":{"line":2,"column":19358}},"473":{"start":{"line":2,"column":19359},"end":{"line":2,"column":19645}},"474":{"start":{"line":2,"column":19365},"end":{"line":2,"column":19419}},"475":{"start":{"line":2,"column":19378},"end":{"line":2,"column":19419}},"476":{"start":{"line":2,"column":19411},"end":{"line":2,"column":19419}},"477":{"start":{"line":2,"column":19425},"end":{"line":2,"column":19645}},"478":{"start":{"line":2,"column":19438},"end":{"line":2,"column":19645}},"479":{"start":{"line":2,"column":19459},"end":{"line":2,"column":19645}},"480":{"start":{"line":2,"column":19548},"end":{"line":2,"column":19558}},"481":{"start":{"line":2,"column":19563},"end":{"line":2,"column":19612}},"482":{"start":{"line":2,"column":19595},"end":{"line":2,"column":19612}},"483":{"start":{"line":2,"column":19612},"end":{"line":2,"column":19644}},"484":{"start":{"line":2,"column":19636},"end":{"line":2,"column":19644}},"485":{"start":{"line":2,"column":19645},"end":{"line":2,"column":19653}},"486":{"start":{"line":2,"column":19670},"end":{"line":2,"column":19768}},"487":{"start":{"line":2,"column":19710},"end":{"line":2,"column":19718}},"488":{"start":{"line":2,"column":19719},"end":{"line":2,"column":19754}},"489":{"start":{"line":2,"column":19729},"end":{"line":2,"column":19754}},"490":{"start":{"line":2,"column":19745},"end":{"line":2,"column":19754}},"491":{"start":{"line":2,"column":19754},"end":{"line":2,"column":19762}},"492":{"start":{"line":2,"column":19792},"end":{"line":2,"column":19891}},"493":{"start":{"line":2,"column":19804},"end":{"line":2,"column":19806}},"494":{"start":{"line":2,"column":19809},"end":{"line":2,"column":19810}},"495":{"start":{"line":2,"column":19813},"end":{"line":2,"column":19821}},"496":{"start":{"line":2,"column":19824},"end":{"line":2,"column":19831}},"497":{"start":{"line":2,"column":19840},"end":{"line":2,"column":19891}},"498":{"start":{"line":2,"column":19891},"end":{"line":2,"column":19899}},"499":{"start":{"line":2,"column":19925},"end":{"line":2,"column":20508}},"500":{"start":{"line":2,"column":20007},"end":{"line":2,"column":20009}},"501":{"start":{"line":2,"column":20012},"end":{"line":2,"column":20014}},"502":{"start":{"line":2,"column":20017},"end":{"line":2,"column":20025}},"503":{"start":{"line":2,"column":20028},"end":{"line":2,"column":20128}},"504":{"start":{"line":2,"column":20047},"end":{"line":2,"column":20091}},"505":{"start":{"line":2,"column":20057},"end":{"line":2,"column":20058}},"506":{"start":{"line":2,"column":20061},"end":{"line":2,"column":20069}},"507":{"start":{"line":2,"column":20078},"end":{"line":2,"column":20091}},"508":{"start":{"line":2,"column":20091},"end":{"line":2,"column":20099}},"509":{"start":{"line":2,"column":20131},"end":{"line":2,"column":20156}},"510":{"start":{"line":2,"column":20159},"end":{"line":2,"column":20181}},"511":{"start":{"line":2,"column":20182},"end":{"line":2,"column":20278}},"512":{"start":{"line":2,"column":20202},"end":{"line":2,"column":20235}},"513":{"start":{"line":2,"column":20235},"end":{"line":2,"column":20277}},"514":{"start":{"line":2,"column":20245},"end":{"line":2,"column":20277}},"515":{"start":{"line":2,"column":20278},"end":{"line":2,"column":20506}},"516":{"start":{"line":2,"column":20284},"end":{"line":2,"column":20437}},"517":{"start":{"line":2,"column":20293},"end":{"line":2,"column":20367}},"518":{"start":{"line":2,"column":20299},"end":{"line":2,"column":20315}},"519":{"start":{"line":2,"column":20315},"end":{"line":2,"column":20350}},"520":{"start":{"line":2,"column":20325},"end":{"line":2,"column":20350}},"521":{"start":{"line":2,"column":20350},"end":{"line":2,"column":20366}},"522":{"start":{"line":2,"column":20367},"end":{"line":2,"column":20378}},"523":{"start":{"line":2,"column":20378},"end":{"line":2,"column":20436}},"524":{"start":{"line":2,"column":20388},"end":{"line":2,"column":20436}},"525":{"start":{"line":2,"column":20443},"end":{"line":2,"column":20506}},"526":{"start":{"line":2,"column":20524},"end":{"line":2,"column":21104}},"527":{"start":{"line":2,"column":20540},"end":{"line":2,"column":20548}},"528":{"start":{"line":2,"column":20551},"end":{"line":2,"column":20572}},"529":{"start":{"line":2,"column":20575},"end":{"line":2,"column":20593}},"530":{"start":{"line":2,"column":20596},"end":{"line":2,"column":20601}},"531":{"start":{"line":2,"column":20604},"end":{"line":2,"column":20638}},"532":{"start":{"line":2,"column":20619},"end":{"line":2,"column":20631}},"533":{"start":{"line":2,"column":20641},"end":{"line":2,"column":20678}},"534":{"start":{"line":2,"column":20656},"end":{"line":2,"column":20671}},"535":{"start":{"line":2,"column":20681},"end":{"line":2,"column":20772}},"536":{"start":{"line":2,"column":20704},"end":{"line":2,"column":20754}},"537":{"start":{"line":2,"column":20755},"end":{"line":2,"column":20770}},"538":{"start":{"line":2,"column":20781},"end":{"line":2,"column":21104}},"539":{"start":{"line":2,"column":20808},"end":{"line":2,"column":20824}},"540":{"start":{"line":2,"column":20829},"end":{"line":2,"column":21094}},"541":{"start":{"line":2,"column":20885},"end":{"line":2,"column":20934}},"542":{"start":{"line":2,"column":20903},"end":{"line":2,"column":20934}},"543":{"start":{"line":2,"column":20928},"end":{"line":2,"column":20934}},"544":{"start":{"line":2,"column":20934},"end":{"line":2,"column":21093}},"545":{"start":{"line":2,"column":21094},"end":{"line":2,"column":21103}},"546":{"start":{"line":2,"column":21104},"end":{"line":2,"column":21116}},"547":{"start":{"line":2,"column":21117},"end":{"line":2,"column":23804}},"548":{"start":{"line":2,"column":21225},"end":{"line":2,"column":21233}},"549":{"start":{"line":2,"column":21234},"end":{"line":2,"column":21261}},"550":{"start":{"line":2,"column":21239},"end":{"line":2,"column":21261}},"551":{"start":{"line":2,"column":21261},"end":{"line":2,"column":21284}},"552":{"start":{"line":2,"column":21284},"end":{"line":2,"column":21593}},"553":{"start":{"line":2,"column":21293},"end":{"line":2,"column":21581}},"554":{"start":{"line":2,"column":21473},"end":{"line":2,"column":21581}},"555":{"start":{"line":2,"column":21581},"end":{"line":2,"column":21592}},"556":{"start":{"line":2,"column":21587},"end":{"line":2,"column":21592}},"557":{"start":{"line":2,"column":21593},"end":{"line":2,"column":21640}},"558":{"start":{"line":2,"column":21687},"end":{"line":2,"column":21689}},"559":{"start":{"line":2,"column":21692},"end":{"line":2,"column":21694}},"560":{"start":{"line":2,"column":21697},"end":{"line":2,"column":21705}},"561":{"start":{"line":2,"column":21706},"end":{"line":2,"column":22357}},"562":{"start":{"line":2,"column":21713},"end":{"line":2,"column":21736}},"563":{"start":{"line":2,"column":21736},"end":{"line":2,"column":21782}},"564":{"start":{"line":2,"column":21746},"end":{"line":2,"column":21782}},"565":{"start":{"line":2,"column":21782},"end":{"line":2,"column":22356}},"566":{"start":{"line":2,"column":21858},"end":{"line":2,"column":21859}},"567":{"start":{"line":2,"column":21862},"end":{"line":2,"column":21865}},"568":{"start":{"line":2,"column":21868},"end":{"line":2,"column":21873}},"569":{"start":{"line":2,"column":21876},"end":{"line":2,"column":21878}},"570":{"start":{"line":2,"column":21881},"end":{"line":2,"column":21882}},"571":{"start":{"line":2,"column":21885},"end":{"line":2,"column":21908}},"572":{"start":{"line":2,"column":21911},"end":{"line":2,"column":21941}},"573":{"start":{"line":2,"column":21944},"end":{"line":2,"column":21952}},"574":{"start":{"line":2,"column":21953},"end":{"line":2,"column":22139}},"575":{"start":{"line":2,"column":22002},"end":{"line":2,"column":22106}},"576":{"start":{"line":2,"column":22011},"end":{"line":2,"column":22050}},"577":{"start":{"line":2,"column":22050},"end":{"line":2,"column":22097}},"578":{"start":{"line":2,"column":22065},"end":{"line":2,"column":22097}},"579":{"start":{"line":2,"column":22081},"end":{"line":2,"column":22091}},"580":{"start":{"line":2,"column":22091},"end":{"line":2,"column":22096}},"581":{"start":{"line":2,"column":22097},"end":{"line":2,"column":22105}},"582":{"start":{"line":2,"column":22106},"end":{"line":2,"column":22138}},"583":{"start":{"line":2,"column":22139},"end":{"line":2,"column":22310}},"584":{"start":{"line":2,"column":22157},"end":{"line":2,"column":22161}},"585":{"start":{"line":2,"column":22161},"end":{"line":2,"column":22187}},"586":{"start":{"line":2,"column":22176},"end":{"line":2,"column":22187}},"587":{"start":{"line":2,"column":22187},"end":{"line":2,"column":22247}},"588":{"start":{"line":2,"column":22193},"end":{"line":2,"column":22239}},"589":{"start":{"line":2,"column":22200},"end":{"line":2,"column":22239}},"590":{"start":{"line":2,"column":22210},"end":{"line":2,"column":22239}},"591":{"start":{"line":2,"column":22239},"end":{"line":2,"column":22246}},"592":{"start":{"line":2,"column":22247},"end":{"line":2,"column":22309}},"593":{"start":{"line":2,"column":22310},"end":{"line":2,"column":22331}},"594":{"start":{"line":2,"column":22357},"end":{"line":2,"column":22365}},"595":{"start":{"line":2,"column":22413},"end":{"line":2,"column":22436}},"596":{"start":{"line":2,"column":22439},"end":{"line":2,"column":22461}},"597":{"start":{"line":2,"column":22462},"end":{"line":2,"column":22954}},"598":{"start":{"line":2,"column":22487},"end":{"line":2,"column":22708}},"599":{"start":{"line":2,"column":22587},"end":{"line":2,"column":22654}},"600":{"start":{"line":2,"column":22645},"end":{"line":2,"column":22654}},"601":{"start":{"line":2,"column":22654},"end":{"line":2,"column":22707}},"602":{"start":{"line":2,"column":22708},"end":{"line":2,"column":22744}},"603":{"start":{"line":2,"column":22744},"end":{"line":2,"column":22953}},"604":{"start":{"line":2,"column":22755},"end":{"line":2,"column":22792}},"605":{"start":{"line":2,"column":22786},"end":{"line":2,"column":22792}},"606":{"start":{"line":2,"column":22792},"end":{"line":2,"column":22952}},"607":{"start":{"line":2,"column":22886},"end":{"line":2,"column":22946}},"608":{"start":{"line":2,"column":22924},"end":{"line":2,"column":22946}},"609":{"start":{"line":2,"column":22946},"end":{"line":2,"column":22951}},"610":{"start":{"line":2,"column":22954},"end":{"line":2,"column":23019}},"611":{"start":{"line":2,"column":23124},"end":{"line":2,"column":23187}},"612":{"start":{"line":2,"column":23205},"end":{"line":2,"column":23282}},"613":{"start":{"line":2,"column":23330},"end":{"line":2,"column":23389}},"614":{"start":{"line":2,"column":23336},"end":{"line":2,"column":23389}},"615":{"start":{"line":2,"column":23421},"end":{"line":2,"column":23528}},"616":{"start":{"line":2,"column":23559},"end":{"line":2,"column":23622}},"617":{"start":{"line":2,"column":23601},"end":{"line":2,"column":23622}},"618":{"start":{"line":2,"column":23640},"end":{"line":2,"column":23679}},"619":{"start":{"line":2,"column":23710},"end":{"line":2,"column":23799}},"620":{"start":{"line":2,"column":23716},"end":{"line":2,"column":23799}},"621":{"start":{"line":2,"column":23809},"end":{"line":2,"column":23983}},"622":{"start":{"line":2,"column":23989},"end":{"line":2,"column":24119}},"623":{"start":{"line":2,"column":24011},"end":{"line":2,"column":24013}},"624":{"start":{"line":2,"column":24016},"end":{"line":2,"column":24026}},"625":{"start":{"line":2,"column":24027},"end":{"line":2,"column":24110}},"626":{"start":{"line":2,"column":24058},"end":{"line":2,"column":24110}},"627":{"start":{"line":2,"column":24077},"end":{"line":2,"column":24100}},"628":{"start":{"line":2,"column":24094},"end":{"line":2,"column":24100}},"629":{"start":{"line":2,"column":24100},"end":{"line":2,"column":24109}},"630":{"start":{"line":2,"column":24110},"end":{"line":2,"column":24118}},"631":{"start":{"line":2,"column":24122},"end":{"line":2,"column":24209}},"632":{"start":{"line":2,"column":24136},"end":{"line":2,"column":24200}},"633":{"start":{"line":2,"column":24146},"end":{"line":2,"column":24148}},"634":{"start":{"line":2,"column":24167},"end":{"line":2,"column":24200}},"635":{"start":{"line":2,"column":24200},"end":{"line":2,"column":24208}},"636":{"start":{"line":2,"column":24212},"end":{"line":2,"column":24237}},"637":{"start":{"line":2,"column":24254},"end":{"line":2,"column":24315}},"638":{"start":{"line":2,"column":24322},"end":{"line":2,"column":24387}},"639":{"start":{"line":2,"column":24406},"end":{"line":2,"column":24602}},"640":{"start":{"line":2,"column":24441},"end":{"line":2,"column":24466}},"641":{"start":{"line":2,"column":24501},"end":{"line":2,"column":24517}},"642":{"start":{"line":2,"column":24560},"end":{"line":2,"column":24584}},"643":{"start":{"line":2,"column":24603},"end":{"line":2,"column":25260}},"644":{"start":{"line":2,"column":24634},"end":{"line":2,"column":24638}},"645":{"start":{"line":2,"column":24639},"end":{"line":2,"column":24793}},"646":{"start":{"line":2,"column":24769},"end":{"line":2,"column":24790}},"647":{"start":{"line":2,"column":24835},"end":{"line":2,"column":24846}},"648":{"start":{"line":2,"column":24849},"end":{"line":2,"column":24853}},"649":{"start":{"line":2,"column":24854},"end":{"line":2,"column":24974}},"650":{"start":{"line":2,"column":24876},"end":{"line":2,"column":24974}},"651":{"start":{"line":2,"column":24921},"end":{"line":2,"column":24970}},"652":{"start":{"line":2,"column":24937},"end":{"line":2,"column":24970}},"653":{"start":{"line":2,"column":24962},"end":{"line":2,"column":24970}},"654":{"start":{"line":2,"column":24974},"end":{"line":2,"column":25028}},"655":{"start":{"line":2,"column":25011},"end":{"line":2,"column":25028}},"656":{"start":{"line":2,"column":25028},"end":{"line":2,"column":25056}},"657":{"start":{"line":2,"column":25077},"end":{"line":2,"column":25116}},"658":{"start":{"line":2,"column":25134},"end":{"line":2,"column":25173}},"659":{"start":{"line":2,"column":25190},"end":{"line":2,"column":25256}},"660":{"start":{"line":2,"column":25268},"end":{"line":2,"column":25305}},"661":{"start":{"line":2,"column":25306},"end":{"line":2,"column":25939}},"662":{"start":{"line":2,"column":25341},"end":{"line":2,"column":25359}},"663":{"start":{"line":2,"column":25347},"end":{"line":2,"column":25359}},"664":{"start":{"line":2,"column":25359},"end":{"line":2,"column":25808}},"665":{"start":{"line":2,"column":25389},"end":{"line":2,"column":25538}},"666":{"start":{"line":2,"column":25476},"end":{"line":2,"column":25538}},"667":{"start":{"line":2,"column":25538},"end":{"line":2,"column":25743}},"668":{"start":{"line":2,"column":25547},"end":{"line":2,"column":25731}},"669":{"start":{"line":2,"column":25677},"end":{"line":2,"column":25731}},"670":{"start":{"line":2,"column":25688},"end":{"line":2,"column":25731}},"671":{"start":{"line":2,"column":25731},"end":{"line":2,"column":25742}},"672":{"start":{"line":2,"column":25743},"end":{"line":2,"column":25807}},"673":{"start":{"line":2,"column":25808},"end":{"line":2,"column":25914}},"674":{"start":{"line":2,"column":25945},"end":{"line":2,"column":25977}},"675":{"start":{"line":2,"column":25980},"end":{"line":2,"column":26021}},"676":{"start":{"line":2,"column":26038},"end":{"line":2,"column":26070}},"677":{"start":{"line":2,"column":26070},"end":{"line":2,"column":26078}},"678":{"start":{"line":2,"column":26079},"end":{"line":2,"column":27814}},"679":{"start":{"line":2,"column":26114},"end":{"line":2,"column":26123}},"680":{"start":{"line":2,"column":26126},"end":{"line":2,"column":26134}},"681":{"start":{"line":2,"column":26135},"end":{"line":2,"column":26220}},"682":{"start":{"line":2,"column":26165},"end":{"line":2,"column":26218}},"683":{"start":{"line":2,"column":26175},"end":{"line":2,"column":26176}},"684":{"start":{"line":2,"column":26185},"end":{"line":2,"column":26218}},"685":{"start":{"line":2,"column":26210},"end":{"line":2,"column":26218}},"686":{"start":{"line":2,"column":26252},"end":{"line":2,"column":26253}},"687":{"start":{"line":2,"column":26256},"end":{"line":2,"column":26267}},"688":{"start":{"line":2,"column":26270},"end":{"line":2,"column":26272}},"689":{"start":{"line":2,"column":26275},"end":{"line":2,"column":26299}},"690":{"start":{"line":2,"column":26300},"end":{"line":2,"column":26462}},"691":{"start":{"line":2,"column":26314},"end":{"line":2,"column":26462}},"692":{"start":{"line":2,"column":26327},"end":{"line":2,"column":26462}},"693":{"start":{"line":2,"column":26365},"end":{"line":2,"column":26462}},"694":{"start":{"line":2,"column":26446},"end":{"line":2,"column":26456}},"695":{"start":{"line":2,"column":26456},"end":{"line":2,"column":26461}},"696":{"start":{"line":2,"column":26462},"end":{"line":2,"column":26513}},"697":{"start":{"line":2,"column":26533},"end":{"line":2,"column":26671}},"698":{"start":{"line":2,"column":26691},"end":{"line":2,"column":26754}},"699":{"start":{"line":2,"column":26776},"end":{"line":2,"column":26842}},"700":{"start":{"line":2,"column":26879},"end":{"line":2,"column":26891}},"701":{"start":{"line":2,"column":26892},"end":{"line":2,"column":26924}},"702":{"start":{"line":2,"column":26946},"end":{"line":2,"column":26970}},"703":{"start":{"line":2,"column":27001},"end":{"line":2,"column":27027}},"704":{"start":{"line":2,"column":27046},"end":{"line":2,"column":27071}},"705":{"start":{"line":2,"column":27090},"end":{"line":2,"column":27119}},"706":{"start":{"line":2,"column":27141},"end":{"line":2,"column":27166}},"707":{"start":{"line":2,"column":27188},"end":{"line":2,"column":27217}},"708":{"start":{"line":2,"column":27245},"end":{"line":2,"column":27272}},"709":{"start":{"line":2,"column":27300},"end":{"line":2,"column":27331}},"710":{"start":{"line":2,"column":27354},"end":{"line":2,"column":27395}},"711":{"start":{"line":2,"column":27418},"end":{"line":2,"column":27440}},"712":{"start":{"line":2,"column":27463},"end":{"line":2,"column":27594}},"713":{"start":{"line":2,"column":27611},"end":{"line":2,"column":27811}},"714":{"start":{"line":2,"column":27639},"end":{"line":2,"column":27654}},"715":{"start":{"line":2,"column":27655},"end":{"line":2,"column":27810}},"716":{"start":{"line":2,"column":27820},"end":{"line":2,"column":27839}},"717":{"start":{"line":2,"column":27854},"end":{"line":2,"column":27862}},"718":{"start":{"line":2,"column":27877},"end":{"line":2,"column":27884}},"719":{"start":{"line":2,"column":27911},"end":{"line":2,"column":28046}},"720":{"start":{"line":2,"column":27915},"end":{"line":2,"column":28016}},"721":{"start":{"line":2,"column":28026},"end":{"line":2,"column":28045}},"722":{"start":{"line":2,"column":28047},"end":{"line":2,"column":31401}},"723":{"start":{"line":2,"column":28079},"end":{"line":2,"column":28174}},"724":{"start":{"line":2,"column":28146},"end":{"line":2,"column":28153}},"725":{"start":{"line":2,"column":28188},"end":{"line":2,"column":28190}},"726":{"start":{"line":2,"column":28193},"end":{"line":2,"column":28195}},"727":{"start":{"line":2,"column":28198},"end":{"line":2,"column":28200}},"728":{"start":{"line":2,"column":28203},"end":{"line":2,"column":28381}},"729":{"start":{"line":2,"column":28214},"end":{"line":2,"column":28344}},"730":{"start":{"line":2,"column":28252},"end":{"line":2,"column":28264}},"731":{"start":{"line":2,"column":28264},"end":{"line":2,"column":28343}},"732":{"start":{"line":2,"column":28283},"end":{"line":2,"column":28343}},"733":{"start":{"line":2,"column":28344},"end":{"line":2,"column":28380}},"734":{"start":{"line":2,"column":28384},"end":{"line":2,"column":29133}},"735":{"start":{"line":2,"column":28400},"end":{"line":2,"column":28580}},"736":{"start":{"line":2,"column":28457},"end":{"line":2,"column":28551}},"737":{"start":{"line":2,"column":28480},"end":{"line":2,"column":28549}},"738":{"start":{"line":2,"column":28600},"end":{"line":2,"column":28704}},"739":{"start":{"line":2,"column":28644},"end":{"line":2,"column":28697}},"740":{"start":{"line":2,"column":28674},"end":{"line":2,"column":28697}},"741":{"start":{"line":2,"column":28722},"end":{"line":2,"column":28759}},"742":{"start":{"line":2,"column":28778},"end":{"line":2,"column":28799}},"743":{"start":{"line":2,"column":28820},"end":{"line":2,"column":28845}},"744":{"start":{"line":2,"column":28867},"end":{"line":2,"column":28875}},"745":{"start":{"line":2,"column":28893},"end":{"line":2,"column":28926}},"746":{"start":{"line":2,"column":28946},"end":{"line":2,"column":28955}},"747":{"start":{"line":2,"column":28980},"end":{"line":2,"column":29047}},"748":{"start":{"line":2,"column":29065},"end":{"line":2,"column":29103}},"749":{"start":{"line":2,"column":29122},"end":{"line":2,"column":29131}},"750":{"start":{"line":2,"column":29134},"end":{"line":2,"column":29142}},"751":{"start":{"line":2,"column":29181},"end":{"line":2,"column":29421}},"752":{"start":{"line":2,"column":29424},"end":{"line":2,"column":29433}},"753":{"start":{"line":2,"column":29436},"end":{"line":2,"column":30726}},"754":{"start":{"line":2,"column":29454},"end":{"line":2,"column":29462}},"755":{"start":{"line":2,"column":29482},"end":{"line":2,"column":29527}},"756":{"start":{"line":2,"column":29549},"end":{"line":2,"column":29570}},"757":{"start":{"line":2,"column":29594},"end":{"line":2,"column":29603}},"758":{"start":{"line":2,"column":29604},"end":{"line":2,"column":29872}},"759":{"start":{"line":2,"column":29634},"end":{"line":2,"column":29860}},"760":{"start":{"line":2,"column":29663},"end":{"line":2,"column":29682}},"761":{"start":{"line":2,"column":29683},"end":{"line":2,"column":29851}},"762":{"start":{"line":2,"column":29708},"end":{"line":2,"column":29734}},"763":{"start":{"line":2,"column":29735},"end":{"line":2,"column":29849}},"764":{"start":{"line":2,"column":29901},"end":{"line":2,"column":29902}},"765":{"start":{"line":2,"column":29923},"end":{"line":2,"column":30530}},"766":{"start":{"line":2,"column":29947},"end":{"line":2,"column":29951}},"767":{"start":{"line":2,"column":29954},"end":{"line":2,"column":29963}},"768":{"start":{"line":2,"column":29966},"end":{"line":2,"column":30284}},"769":{"start":{"line":2,"column":29985},"end":{"line":2,"column":30283}},"770":{"start":{"line":2,"column":29996},"end":{"line":2,"column":30078}},"771":{"start":{"line":2,"column":30030},"end":{"line":2,"column":30078}},"772":{"start":{"line":2,"column":30078},"end":{"line":2,"column":30282}},"773":{"start":{"line":2,"column":30287},"end":{"line":2,"column":30439}},"774":{"start":{"line":2,"column":30302},"end":{"line":2,"column":30438}},"775":{"start":{"line":2,"column":30306},"end":{"line":2,"column":30309}},"776":{"start":{"line":2,"column":30319},"end":{"line":2,"column":30437}},"777":{"start":{"line":2,"column":30440},"end":{"line":2,"column":30529}},"778":{"start":{"line":2,"column":30531},"end":{"line":2,"column":30672}},"779":{"start":{"line":2,"column":30561},"end":{"line":2,"column":30660}},"780":{"start":{"line":2,"column":30694},"end":{"line":2,"column":30724}},"781":{"start":{"line":2,"column":30729},"end":{"line":2,"column":30731}},"782":{"start":{"line":2,"column":30732},"end":{"line":2,"column":31035}},"783":{"start":{"line":2,"column":30768},"end":{"line":2,"column":30772}},"784":{"start":{"line":2,"column":30775},"end":{"line":2,"column":30779}},"785":{"start":{"line":2,"column":30780},"end":{"line":2,"column":31003}},"786":{"start":{"line":2,"column":30814},"end":{"line":2,"column":30817}},"787":{"start":{"line":2,"column":30918},"end":{"line":2,"column":30976}},"788":{"start":{"line":2,"column":31060},"end":{"line":2,"column":31076}},"789":{"start":{"line":2,"column":31079},"end":{"line":2,"column":31080}},"790":{"start":{"line":2,"column":31083},"end":{"line":2,"column":31091}},"791":{"start":{"line":2,"column":31094},"end":{"line":2,"column":31111}},"792":{"start":{"line":2,"column":31114},"end":{"line":2,"column":31126}},"793":{"start":{"line":2,"column":31129},"end":{"line":2,"column":31239}},"794":{"start":{"line":2,"column":31141},"end":{"line":2,"column":31238}},"795":{"start":{"line":2,"column":31160},"end":{"line":2,"column":31237}},"796":{"start":{"line":2,"column":31240},"end":{"line":2,"column":31347}},"797":{"start":{"line":2,"column":31331},"end":{"line":2,"column":31347}},"798":{"start":{"line":2,"column":31347},"end":{"line":2,"column":31379}},"799":{"start":{"line":2,"column":31357},"end":{"line":2,"column":31379}},"800":{"start":{"line":2,"column":31379},"end":{"line":2,"column":31397}},"801":{"start":{"line":2,"column":31407},"end":{"line":2,"column":31463}},"802":{"start":{"line":2,"column":31464},"end":{"line":2,"column":31680}},"803":{"start":{"line":2,"column":31503},"end":{"line":2,"column":31614}},"804":{"start":{"line":2,"column":31645},"end":{"line":2,"column":31678}},"805":{"start":{"line":2,"column":31669},"end":{"line":2,"column":31676}},"806":{"start":{"line":2,"column":31686},"end":{"line":2,"column":31698}},"807":{"start":{"line":2,"column":31712},"end":{"line":2,"column":31797}},"808":{"start":{"line":2,"column":31798},"end":{"line":2,"column":32228}},"809":{"start":{"line":2,"column":31821},"end":{"line":2,"column":31885}},"810":{"start":{"line":2,"column":31859},"end":{"line":2,"column":31878}},"811":{"start":{"line":2,"column":31938},"end":{"line":2,"column":32029}},"812":{"start":{"line":2,"column":32234},"end":{"line":2,"column":32549}},"813":{"start":{"line":2,"column":32264},"end":{"line":2,"column":32265}},"814":{"start":{"line":2,"column":32268},"end":{"line":2,"column":32276}},"815":{"start":{"line":2,"column":32279},"end":{"line":2,"column":32286}},"816":{"start":{"line":2,"column":32287},"end":{"line":2,"column":32512}},"817":{"start":{"line":2,"column":32306},"end":{"line":2,"column":32343}},"818":{"start":{"line":2,"column":32322},"end":{"line":2,"column":32343}},"819":{"start":{"line":2,"column":32348},"end":{"line":2,"column":32512}},"820":{"start":{"line":2,"column":32432},"end":{"line":2,"column":32453}},"821":{"start":{"line":2,"column":32460},"end":{"line":2,"column":32512}},"822":{"start":{"line":2,"column":32473},"end":{"line":2,"column":32512}},"823":{"start":{"line":2,"column":32512},"end":{"line":2,"column":32548}},"824":{"start":{"line":2,"column":32552},"end":{"line":2,"column":32559}},"825":{"start":{"line":2,"column":32562},"end":{"line":2,"column":32573}},"826":{"start":{"line":2,"column":32590},"end":{"line":2,"column":32612}},"827":{"start":{"line":2,"column":32627},"end":{"line":2,"column":32665}},"828":{"start":{"line":2,"column":32672},"end":{"line":2,"column":32736}},"829":{"start":{"line":2,"column":32684},"end":{"line":2,"column":32735}},"830":{"start":{"line":2,"column":32750},"end":{"line":2,"column":32780}},"831":{"start":{"line":2,"column":32781},"end":{"line":2,"column":33639}},"832":{"start":{"line":2,"column":32826},"end":{"line":2,"column":32841}},"833":{"start":{"line":2,"column":32842},"end":{"line":2,"column":32961}},"834":{"start":{"line":2,"column":32991},"end":{"line":2,"column":33004}},"835":{"start":{"line":2,"column":33005},"end":{"line":2,"column":33066}},"836":{"start":{"line":2,"column":33027},"end":{"line":2,"column":33037}},"837":{"start":{"line":2,"column":33042},"end":{"line":2,"column":33066}},"838":{"start":{"line":2,"column":33053},"end":{"line":2,"column":33066}},"839":{"start":{"line":2,"column":33066},"end":{"line":2,"column":33074}},"840":{"start":{"line":2,"column":33094},"end":{"line":2,"column":33164}},"841":{"start":{"line":2,"column":33189},"end":{"line":2,"column":33288}},"842":{"start":{"line":2,"column":33319},"end":{"line":2,"column":33334}},"843":{"start":{"line":2,"column":33335},"end":{"line":2,"column":33554}},"844":{"start":{"line":2,"column":33350},"end":{"line":2,"column":33461}},"845":{"start":{"line":2,"column":33365},"end":{"line":2,"column":33436}},"846":{"start":{"line":2,"column":33436},"end":{"line":2,"column":33460}},"847":{"start":{"line":2,"column":33446},"end":{"line":2,"column":33460}},"848":{"start":{"line":2,"column":33461},"end":{"line":2,"column":33553}},"849":{"start":{"line":2,"column":33582},"end":{"line":2,"column":33597}},"850":{"start":{"line":2,"column":33598},"end":{"line":2,"column":33636}},"851":{"start":{"line":2,"column":33645},"end":{"line":2,"column":33650}},"852":{"start":{"line":2,"column":33653},"end":{"line":2,"column":33658}},"853":{"start":{"line":2,"column":33661},"end":{"line":2,"column":33692}},"854":{"start":{"line":2,"column":33695},"end":{"line":2,"column":33703}},"855":{"start":{"line":2,"column":33730},"end":{"line":2,"column":33974}},"856":{"start":{"line":2,"column":33760},"end":{"line":2,"column":33974}},"857":{"start":{"line":2,"column":33845},"end":{"line":2,"column":33947}},"858":{"start":{"line":2,"column":33849},"end":{"line":2,"column":33936}},"859":{"start":{"line":2,"column":33947},"end":{"line":2,"column":33959}},"860":{"start":{"line":2,"column":33965},"end":{"line":2,"column":33974}},"861":{"start":{"line":2,"column":33974},"end":{"line":2,"column":33982}},"862":{"start":{"line":2,"column":33983},"end":{"line":2,"column":36018}},"863":{"start":{"line":2,"column":34013},"end":{"line":2,"column":34046}},"864":{"start":{"line":2,"column":34069},"end":{"line":2,"column":34091}},"865":{"start":{"line":2,"column":34118},"end":{"line":2,"column":34131}},"866":{"start":{"line":2,"column":34155},"end":{"line":2,"column":34177}},"867":{"start":{"line":2,"column":34205},"end":{"line":2,"column":34218}},"868":{"start":{"line":2,"column":34266},"end":{"line":2,"column":34273}},"869":{"start":{"line":2,"column":34276},"end":{"line":2,"column":34291}},"870":{"start":{"line":2,"column":34292},"end":{"line":2,"column":34507}},"871":{"start":{"line":2,"column":34307},"end":{"line":2,"column":34498}},"872":{"start":{"line":2,"column":34378},"end":{"line":2,"column":34389}},"873":{"start":{"line":2,"column":34389},"end":{"line":2,"column":34471}},"874":{"start":{"line":2,"column":34399},"end":{"line":2,"column":34471}},"875":{"start":{"line":2,"column":34471},"end":{"line":2,"column":34497}},"876":{"start":{"line":2,"column":34498},"end":{"line":2,"column":34506}},"877":{"start":{"line":2,"column":34507},"end":{"line":2,"column":34747}},"878":{"start":{"line":2,"column":34553},"end":{"line":2,"column":34566}},"879":{"start":{"line":2,"column":34594},"end":{"line":2,"column":34673}},"880":{"start":{"line":2,"column":34611},"end":{"line":2,"column":34673}},"881":{"start":{"line":2,"column":34673},"end":{"line":2,"column":34711}},"882":{"start":{"line":2,"column":34694},"end":{"line":2,"column":34709}},"883":{"start":{"line":2,"column":34772},"end":{"line":2,"column":34818}},"884":{"start":{"line":2,"column":34800},"end":{"line":2,"column":34816}},"885":{"start":{"line":2,"column":34860},"end":{"line":2,"column":34977}},"886":{"start":{"line":2,"column":34865},"end":{"line":2,"column":34977}},"887":{"start":{"line":2,"column":35001},"end":{"line":2,"column":35011}},"888":{"start":{"line":2,"column":35017},"end":{"line":2,"column":35029}},"889":{"start":{"line":2,"column":35032},"end":{"line":2,"column":35040}},"890":{"start":{"line":2,"column":35043},"end":{"line":2,"column":35052}},"891":{"start":{"line":2,"column":35055},"end":{"line":2,"column":35073}},"892":{"start":{"line":2,"column":35074},"end":{"line":2,"column":35223}},"893":{"start":{"line":2,"column":35182},"end":{"line":2,"column":35196}},"894":{"start":{"line":2,"column":35257},"end":{"line":2,"column":35271}},"895":{"start":{"line":2,"column":35272},"end":{"line":2,"column":35382}},"896":{"start":{"line":2,"column":35353},"end":{"line":2,"column":35378}},"897":{"start":{"line":2,"column":35425},"end":{"line":2,"column":35426}},"898":{"start":{"line":2,"column":35427},"end":{"line":2,"column":35641}},"899":{"start":{"line":2,"column":35551},"end":{"line":2,"column":35568}},"900":{"start":{"line":2,"column":35569},"end":{"line":2,"column":35639}},"901":{"start":{"line":2,"column":35663},"end":{"line":2,"column":35710}},"902":{"start":{"line":2,"column":35691},"end":{"line":2,"column":35708}},"903":{"start":{"line":2,"column":35735},"end":{"line":2,"column":35764}},"904":{"start":{"line":2,"column":35796},"end":{"line":2,"column":35797}},"905":{"start":{"line":2,"column":35800},"end":{"line":2,"column":35812}},"906":{"start":{"line":2,"column":35815},"end":{"line":2,"column":35819}},"907":{"start":{"line":2,"column":35822},"end":{"line":2,"column":35833}},"908":{"start":{"line":2,"column":35836},"end":{"line":2,"column":35873}},"909":{"start":{"line":2,"column":35847},"end":{"line":2,"column":35872}},"910":{"start":{"line":2,"column":35874},"end":{"line":2,"column":35919}},"911":{"start":{"line":2,"column":35919},"end":{"line":2,"column":35991}},"912":{"start":{"line":2,"column":35929},"end":{"line":2,"column":35991}},"913":{"start":{"line":2,"column":35991},"end":{"line":2,"column":36014}},"914":{"start":{"line":2,"column":36025},"end":{"line":2,"column":36069}},"915":{"start":{"line":2,"column":36073},"end":{"line":2,"column":36122}},"916":{"start":{"line":2,"column":36126},"end":{"line":2,"column":36157}},"917":{"start":{"line":2,"column":36161},"end":{"line":2,"column":36178}},"918":{"start":{"line":2,"column":36182},"end":{"line":2,"column":36231}},"919":{"start":{"line":2,"column":36194},"end":{"line":2,"column":36230}},"920":{"start":{"line":2,"column":36235},"end":{"line":2,"column":36248}},"921":{"start":{"line":2,"column":36249},"end":{"line":2,"column":36357}},"922":{"start":{"line":2,"column":36281},"end":{"line":2,"column":36354}},"923":{"start":{"line":2,"column":36364},"end":{"line":2,"column":36474}},"924":{"start":{"line":2,"column":36378},"end":{"line":2,"column":36473}},"925":{"start":{"line":2,"column":36506},"end":{"line":2,"column":36508}},"926":{"start":{"line":2,"column":36511},"end":{"line":2,"column":36572}},"927":{"start":{"line":2,"column":36524},"end":{"line":2,"column":36538}},"928":{"start":{"line":2,"column":36551},"end":{"line":2,"column":36571}},"929":{"start":{"line":2,"column":36575},"end":{"line":2,"column":36578}},"930":{"start":{"line":2,"column":36581},"end":{"line":2,"column":36614}},"931":{"start":{"line":2,"column":36617},"end":{"line":2,"column":36680}},"932":{"start":{"line":2,"column":36681},"end":{"line":2,"column":36816}},"933":{"start":{"line":2,"column":36697},"end":{"line":2,"column":36720}},"934":{"start":{"line":2,"column":36720},"end":{"line":2,"column":36786}},"935":{"start":{"line":2,"column":36730},"end":{"line":2,"column":36786}},"936":{"start":{"line":2,"column":36786},"end":{"line":2,"column":36815}},"937":{"start":{"line":2,"column":36816},"end":{"line":2,"column":36902}},"938":{"start":{"line":2,"column":36910},"end":{"line":2,"column":36912}},"939":{"start":{"line":2,"column":36930},"end":{"line":2,"column":37359}},"940":{"start":{"line":2,"column":36954},"end":{"line":2,"column":36956}},"941":{"start":{"line":2,"column":36959},"end":{"line":2,"column":36960}},"942":{"start":{"line":2,"column":36963},"end":{"line":2,"column":36971}},"943":{"start":{"line":2,"column":36980},"end":{"line":2,"column":37359}},"944":{"start":{"line":2,"column":37359},"end":{"line":2,"column":37413}},"945":{"start":{"line":2,"column":37375},"end":{"line":2,"column":37413}},"946":{"start":{"line":2,"column":37413},"end":{"line":2,"column":37421}},"947":{"start":{"line":2,"column":37422},"end":{"line":2,"column":37640}},"948":{"start":{"line":2,"column":37451},"end":{"line":2,"column":37469}},"949":{"start":{"line":2,"column":37487},"end":{"line":2,"column":37502}},"950":{"start":{"line":2,"column":37523},"end":{"line":2,"column":37636}},"951":{"start":{"line":2,"column":37596},"end":{"line":2,"column":37634}},"952":{"start":{"line":2,"column":37653},"end":{"line":2,"column":37676}},"953":{"start":{"line":2,"column":37680},"end":{"line":2,"column":37712}},"954":{"start":{"line":2,"column":37716},"end":{"line":2,"column":37752}},"955":{"start":{"line":2,"column":37753},"end":{"line":2,"column":38178}},"956":{"start":{"line":2,"column":38185},"end":{"line":2,"column":38381}},"957":{"start":{"line":2,"column":38405},"end":{"line":2,"column":38595}},"958":{"start":{"line":2,"column":38613},"end":{"line":2,"column":38697}},"959":{"start":{"line":2,"column":38623},"end":{"line":2,"column":38624}},"960":{"start":{"line":2,"column":38627},"end":{"line":2,"column":38635}},"961":{"start":{"line":2,"column":38644},"end":{"line":2,"column":38697}},"962":{"start":{"line":2,"column":38698},"end":{"line":2,"column":38841}},"963":{"start":{"line":2,"column":38848},"end":{"line":2,"column":38859}},"964":{"start":{"line":2,"column":38883},"end":{"line":2,"column":39312}},"965":{"start":{"line":2,"column":38905},"end":{"line":2,"column":38931}},"966":{"start":{"line":2,"column":38934},"end":{"line":2,"column":38936}},"967":{"start":{"line":2,"column":38939},"end":{"line":2,"column":38940}},"968":{"start":{"line":2,"column":38943},"end":{"line":2,"column":38951}},"969":{"start":{"line":2,"column":38960},"end":{"line":2,"column":39312}},"970":{"start":{"line":2,"column":38979},"end":{"line":2,"column":39312}},"971":{"start":{"line":2,"column":38998},"end":{"line":2,"column":39026}},"972":{"start":{"line":2,"column":39031},"end":{"line":2,"column":39312}},"973":{"start":{"line":2,"column":39046},"end":{"line":2,"column":39199}},"974":{"start":{"line":2,"column":39199},"end":{"line":2,"column":39223}},"975":{"start":{"line":2,"column":39209},"end":{"line":2,"column":39223}},"976":{"start":{"line":2,"column":39223},"end":{"line":2,"column":39278}},"977":{"start":{"line":2,"column":39284},"end":{"line":2,"column":39312}},"978":{"start":{"line":2,"column":39312},"end":{"line":2,"column":39333}},"979":{"start":{"line":2,"column":39333},"end":{"line":2,"column":39495}},"980":{"start":{"line":2,"column":39348},"end":{"line":2,"column":39495}},"981":{"start":{"line":2,"column":39372},"end":{"line":2,"column":39385}},"982":{"start":{"line":2,"column":39390},"end":{"line":2,"column":39495}},"983":{"start":{"line":2,"column":39445},"end":{"line":2,"column":39449}},"984":{"start":{"line":2,"column":39449},"end":{"line":2,"column":39494}},"985":{"start":{"line":2,"column":39464},"end":{"line":2,"column":39494}},"986":{"start":{"line":2,"column":39495},"end":{"line":2,"column":39503}},"987":{"start":{"line":2,"column":39511},"end":{"line":2,"column":39517}},"988":{"start":{"line":2,"column":39521},"end":{"line":2,"column":39569}},"989":{"start":{"line":2,"column":39573},"end":{"line":2,"column":39594}},"990":{"start":{"line":2,"column":39609},"end":{"line":2,"column":39617}},"991":{"start":{"line":2,"column":39632},"end":{"line":2,"column":39640}},"992":{"start":{"line":2,"column":39658},"end":{"line":2,"column":39735}},"993":{"start":{"line":2,"column":39680},"end":{"line":2,"column":39717}},"994":{"start":{"line":2,"column":39684},"end":{"line":2,"column":39706}},"995":{"start":{"line":2,"column":39769},"end":{"line":2,"column":39868}},"996":{"start":{"line":2,"column":39792},"end":{"line":2,"column":39859}},"997":{"start":{"line":2,"column":39840},"end":{"line":2,"column":39859}},"998":{"start":{"line":2,"column":39859},"end":{"line":2,"column":39867}},"999":{"start":{"line":2,"column":39868},"end":{"line":2,"column":40001}},"1000":{"start":{"line":2,"column":39976},"end":{"line":2,"column":39981}},"1001":{"start":{"line":2,"column":39986},"end":{"line":2,"column":40001}},"1002":{"start":{"line":2,"column":39992},"end":{"line":2,"column":40001}},"1003":{"start":{"line":2,"column":40001},"end":{"line":2,"column":40156}},"1004":{"start":{"line":2,"column":40035},"end":{"line":2,"column":40076}},"1005":{"start":{"line":2,"column":40129},"end":{"line":2,"column":40154}},"1006":{"start":{"line":2,"column":40176},"end":{"line":2,"column":40725}},"1007":{"start":{"line":2,"column":40253},"end":{"line":2,"column":40266}},"1008":{"start":{"line":2,"column":40267},"end":{"line":2,"column":40680}},"1009":{"start":{"line":2,"column":40294},"end":{"line":2,"column":40546}},"1010":{"start":{"line":2,"column":40306},"end":{"line":2,"column":40365}},"1011":{"start":{"line":2,"column":40370},"end":{"line":2,"column":40546}},"1012":{"start":{"line":2,"column":40484},"end":{"line":2,"column":40546}},"1013":{"start":{"line":2,"column":40552},"end":{"line":2,"column":40680}},"1014":{"start":{"line":2,"column":40726},"end":{"line":2,"column":47177}},"1015":{"start":{"line":2,"column":40797},"end":{"line":2,"column":40805}},"1016":{"start":{"line":2,"column":40806},"end":{"line":2,"column":41694}},"1017":{"start":{"line":2,"column":40815},"end":{"line":2,"column":41137}},"1018":{"start":{"line":2,"column":41000},"end":{"line":2,"column":41098}},"1019":{"start":{"line":2,"column":41137},"end":{"line":2,"column":41693}},"1020":{"start":{"line":2,"column":41147},"end":{"line":2,"column":41693}},"1021":{"start":{"line":2,"column":41751},"end":{"line":2,"column":41773}},"1022":{"start":{"line":2,"column":41774},"end":{"line":2,"column":42453}},"1023":{"start":{"line":2,"column":41794},"end":{"line":2,"column":41830}},"1024":{"start":{"line":2,"column":41830},"end":{"line":2,"column":42405}},"1025":{"start":{"line":2,"column":41840},"end":{"line":2,"column":42405}},"1026":{"start":{"line":2,"column":41906},"end":{"line":2,"column":42052}},"1027":{"start":{"line":2,"column":42052},"end":{"line":2,"column":42253}},"1028":{"start":{"line":2,"column":42062},"end":{"line":2,"column":42253}},"1029":{"start":{"line":2,"column":42253},"end":{"line":2,"column":42356}},"1030":{"start":{"line":2,"column":42362},"end":{"line":2,"column":42405}},"1031":{"start":{"line":2,"column":42373},"end":{"line":2,"column":42405}},"1032":{"start":{"line":2,"column":42405},"end":{"line":2,"column":42452}},"1033":{"start":{"line":2,"column":42494},"end":{"line":2,"column":42521}},"1034":{"start":{"line":2,"column":42524},"end":{"line":2,"column":42538}},"1035":{"start":{"line":2,"column":42541},"end":{"line":2,"column":42596}},"1036":{"start":{"line":2,"column":42599},"end":{"line":2,"column":42626}},"1037":{"start":{"line":2,"column":42627},"end":{"line":2,"column":42683}},"1038":{"start":{"line":2,"column":42665},"end":{"line":2,"column":42683}},"1039":{"start":{"line":2,"column":42683},"end":{"line":2,"column":43228}},"1040":{"start":{"line":2,"column":42757},"end":{"line":2,"column":42795}},"1041":{"start":{"line":2,"column":42795},"end":{"line":2,"column":43168}},"1042":{"start":{"line":2,"column":42840},"end":{"line":2,"column":42867}},"1043":{"start":{"line":2,"column":42867},"end":{"line":2,"column":43167}},"1044":{"start":{"line":2,"column":42929},"end":{"line":2,"column":43167}},"1045":{"start":{"line":2,"column":43168},"end":{"line":2,"column":43227}},"1046":{"start":{"line":2,"column":43269},"end":{"line":2,"column":43271}},"1047":{"start":{"line":2,"column":43274},"end":{"line":2,"column":43289}},"1048":{"start":{"line":2,"column":43292},"end":{"line":2,"column":43300}},"1049":{"start":{"line":2,"column":43301},"end":{"line":2,"column":43635}},"1050":{"start":{"line":2,"column":43352},"end":{"line":2,"column":43635}},"1051":{"start":{"line":2,"column":43387},"end":{"line":2,"column":43635}},"1052":{"start":{"line":2,"column":43443},"end":{"line":2,"column":43597}},"1053":{"start":{"line":2,"column":43469},"end":{"line":2,"column":43597}},"1054":{"start":{"line":2,"column":43597},"end":{"line":2,"column":43634}},"1055":{"start":{"line":2,"column":43635},"end":{"line":2,"column":43699}},"1056":{"start":{"line":2,"column":43723},"end":{"line":2,"column":44031}},"1057":{"start":{"line":2,"column":43816},"end":{"line":2,"column":43866}},"1058":{"start":{"line":2,"column":43838},"end":{"line":2,"column":43866}},"1059":{"start":{"line":2,"column":43879},"end":{"line":2,"column":43929}},"1060":{"start":{"line":2,"column":43901},"end":{"line":2,"column":43929}},"1061":{"start":{"line":2,"column":43947},"end":{"line":2,"column":44028}},"1062":{"start":{"line":2,"column":44049},"end":{"line":2,"column":44085}},"1063":{"start":{"line":2,"column":44146},"end":{"line":2,"column":44153}},"1064":{"start":{"line":2,"column":44154},"end":{"line":2,"column":44220}},"1065":{"start":{"line":2,"column":44248},"end":{"line":2,"column":44255}},"1066":{"start":{"line":2,"column":44256},"end":{"line":2,"column":44319}},"1067":{"start":{"line":2,"column":44348},"end":{"line":2,"column":44356}},"1068":{"start":{"line":2,"column":44357},"end":{"line":2,"column":44430}},"1069":{"start":{"line":2,"column":44472},"end":{"line":2,"column":44546}},"1070":{"start":{"line":2,"column":44581},"end":{"line":2,"column":44630}},"1071":{"start":{"line":2,"column":44654},"end":{"line":2,"column":44708}},"1072":{"start":{"line":2,"column":44684},"end":{"line":2,"column":44708}},"1073":{"start":{"line":2,"column":44708},"end":{"line":2,"column":45091}},"1074":{"start":{"line":2,"column":45258},"end":{"line":2,"column":45276}},"1075":{"start":{"line":2,"column":45277},"end":{"line":2,"column":45344}},"1076":{"start":{"line":2,"column":45379},"end":{"line":2,"column":45397}},"1077":{"start":{"line":2,"column":45398},"end":{"line":2,"column":45468}},"1078":{"start":{"line":2,"column":45512},"end":{"line":2,"column":45530}},"1079":{"start":{"line":2,"column":45531},"end":{"line":2,"column":45642}},"1080":{"start":{"line":2,"column":46018},"end":{"line":2,"column":46026}},"1081":{"start":{"line":2,"column":46027},"end":{"line":2,"column":46168}},"1082":{"start":{"line":2,"column":46243},"end":{"line":2,"column":46361}},"1083":{"start":{"line":2,"column":46280},"end":{"line":2,"column":46303}},"1084":{"start":{"line":2,"column":46324},"end":{"line":2,"column":46344}},"1085":{"start":{"line":2,"column":46485},"end":{"line":2,"column":46696}},"1086":{"start":{"line":2,"column":46558},"end":{"line":2,"column":46573}},"1
[...]
":[9,6],"554":[0,0],"555":[3,0],"556":[0,0],"557":[0,0],"558":[0,0],"559":[0,0],"560":[0,0],"561":[0,0],"562":[0,0,0,0,0],"563":[0,0,0,0],"564":[0,0],"565":[3,0],"566":[3,3,3],"567":[0,0],"568":[0,0],"569":[0,0],"570":[0,0],"571":[0,0],"572":[0,0],"573":[0,0],"574":[0,0],"575":[0,0],"576":[0,0],"577":[0,0,0],"578":[0,0],"579":[0,0],"580":[0,0],"581":[0,0],"582":[0,0],"583":[0,0],"584":[0,0],"585":[0,0,0,0],"586":[0,0],"587":[0,0],"588":[0,0],"589":[0,0],"590":[0,0],"591":[0,0],"592":[0,0,0],"593":[0,0],"594":[0,0],"595":[0,0],"596":[0,0],"597":[0,0],"598":[0,0,0],"599":[0,0],"600":[0,0],"601":[0,0],"602":[0,0],"603":[0,0],"604":[0,0],"605":[0,0],"606":[0,0],"607":[0,0],"608":[0,0,0],"609":[0,0],"610":[0,0],"611":[0,0],"612":[0,0],"613":[0,0],"614":[0,0],"615":[0,0],"616":[0,0],"617":[0,0],"618":[0,0],"619":[0,0],"620":[0,0],"621":[0,0],"622":[0,0],"623":[0,0],"624":[0,0,0],"625":[0,0],"626":[0,0],"627":[0,0],"628":[0,0],"629":[0,0,0],"630":[0,0],"631":[0,0],"632":[0,0],"633":[0,0],"634":[0,0,0],"635":[3,3],"636":[0,0],"637":[0,0,0,0],"638":[0,0],"639":[0,0],"640":[0,0,0],"641":[0,0],"642":[0,0,0,0,0],"643":[0,0],"644":[0,0],"645":[0,0],"646":[0,0],"647":[0,0],"648":[0,0],"649":[0,0],"650":[0,0],"651":[0,0,0],"652":[0,0],"653":[0,0],"654":[0,0],"655":[0,0],"656":[0,0],"657":[0,0],"658":[0,0],"659":[0,0,0],"660":[0,0],"661":[0,0],"662":[0,0],"663":[0,0],"664":[0,0],"665":[0,0],"666":[0,0],"667":[0,0],"668":[0,0],"669":[0,0],"670":[0,0],"671":[0,0],"672":[0,0,0],"673":[0,0],"674":[3,0],"675":[0,0],"676":[0,0],"677":[0,0],"678":[0,0],"679":[0,0],"680":[0,0],"681":[0,0],"682":[0,0],"683":[0,0],"684":[0,0],"685":[0,0],"686":[0,0],"687":[0,0],"688":[0,0],"689":[0,0],"690":[0,0],"691":[0,0],"692":[0,0],"693":[0,0],"694":[0,0],"695":[0,0],"696":[0,0],"697":[0,0],"698":[0,0],"699":[0,0],"700":[0,0],"701":[0,0],"702":[0,0],"703":[0,0],"704":[0,0],"705":[0,0],"706":[0,0],"707":[0,0],"708":[0,0],"709":[0,0],"710":[0,0],"711":[0,0],"712":[0,0],"713":[0,0],"714":[0,0],"715":[0,0],"716":[0,0],"717":[0,0],"718":[0,0],"719":[0,0],"720":[0,0],"721":[0,0],"722":[0,0],"723":[0,0],"724":[0,0],"725":[0,0],"726":[0,0],"727":[0,0],"728":[0,0],"729":[0,0],"730":[0,0],"731":[0,0,0,0],"732":[0,0],"733":[0,0],"734":[0,0],"735":[0,0],"736":[0,0],"737":[0,0],"738":[0,0],"739":[0,0],"740":[0,0],"741":[0,0],"742":[0,0],"743":[0,0],"744":[0,0],"745":[0,0],"746":[0,0],"747":[0,0],"748":[0,0,0,0,0,0,0,0,0,0,0],"749":[0,0],"750":[0,0],"751":[0,0,0],"752":[0,0,0],"753":[0,0],"754":[0,0],"755":[0,0],"756":[0,0],"757":[0,0],"758":[0,0],"759":[0,0],"760":[0,0],"761":[0,0,0,0],"762":[0,0,0],"763":[0,0],"764":[0,0],"765":[0,0],"766":[0,0],"767":[0,0,0],"768":[0,0],"769":[0,0],"770":[0,0],"771":[0,0,0],"772":[0,0],"773":[0,0],"774":[0,0],"775":[0,0],"776":[0,0],"777":[3,90],"778":[0,0],"779":[0,0],"780":[0,0],"781":[0,0],"782":[0,0,0,0],"783":[0,0],"784":[0,0,0,0],"785":[0,0,0,0,0],"786":[0,0,0],"787":[0,0],"788":[0,0],"789":[0,0],"790":[0,0],"791":[0,0],"792":[0,0,0],"793":[0,0],"794":[0,0],"795":[0,0],"796":[0,0,0],"797":[0,0,0],"798":[0,0,0],"799":[0,0,0],"800":[0,0],"801":[0,0],"802":[0,0],"803":[0,0],"804":[0,0,0],"805":[0,0],"806":[0,0],"807":[0,0],"808":[0,0,0,0],"809":[0,0],"810":[0,0,0],"811":[0,0],"812":[0,0],"813":[0,0,0],"814":[0,0],"815":[0,0,0,0],"816":[0,0],"817":[0,0],"818":[0,0],"819":[0,0],"820":[0,0],"821":[0,0],"822":[0,0],"823":[0,0],"824":[0,0,0,0,0],"825":[0,0],"826":[0,0],"827":[0,0],"828":[0,0],"829":[0,0],"830":[0,0],"831":[0,0],"832":[0,0],"833":[0,0,0,0],"834":[0,0],"835":[0,0],"836":[0,0],"837":[0,0],"838":[0,0,0],"839":[0,0],"840":[0,0],"841":[0,0,0],"842":[0,0],"843":[0,0,0],"844":[0,0],"845":[0,0,0,0],"846":[0,0],"847":[0,0],"848":[0,0,0],"849":[0,0],"850":[0,0],"851":[0,0],"852":[0,0],"853":[0,0],"854":[0,0],"855":[0,0],"856":[0,0],"857":[0,0],"858":[0,0],"859":[0,0],"860":[0,0],"861":[0,0,0,0],"862":[0,0,0,0],"863":[0,0],"864":[0,0,0],"865":[0,0],"866":[0,0],"867":[0,0],"868":[0,0],"869":[0,0],"870":[0,0],"871":[0,0],"872":[0,0],"873":[0,0],"874":[0,0,0],"875":[0,0],"876":[0,0],"877":[0,0],"878":[0,0],"879":[0,0],"880":[0,0],"881":[0,0],"882":[0,0,0],"883":[0,0],"884":[0,0],"885":[0,0,0],"886":[0,0],"887":[0,0,0,0],"888":[0,0],"889":[0,0],"890":[0,0],"891":[3,3],"892":[0,0],"893":[0,0],"894":[0,0],"895":[0,0],"896":[0,0],"897":[0,0],"898":[0,0],"899":[0,0],"900":[0,0],"901":[0,0],"902":[0,0],"903":[0,0],"904":[0,0],"905":[0,0],"906":[0,0],"907":[0,0],"908":[0,0],"909":[0,0,0],"910":[0,0],"911":[0,0,0],"912":[0,0],"913":[0,0],"914":[0,0,0,0,0,0,0,0,0],"915":[0,0],"916":[0,0],"917":[0,0],"918":[0,0],"919":[0,0],"920":[0,0],"921":[0,0],"922":[0,0,0,0],"923":[0,0],"924":[0,0],"925":[0,0],"926":[0,0],"927":[0,0,0],"928":[0,0,0,0],"929":[0,0,0],"930":[0,0,0],"931":[0,0,0],"932":[0,0],"933":[0,0,0,0],"934":[0,0,0,0],"935":[0,0],"936":[0,0],"937":[0,0,0],"938":[0,0],"939":[0,0],"940":[0,0,0],"941":[0,0],"942":[0,0],"943":[0,0],"944":[0,0],"945":[0,0],"946":[0,0],"947":[0,0],"948":[0,0,0],"949":[0,0],"950":[0,0,0],"951":[0,0],"952":[0,0,0],"953":[0,0,0,0],"954":[0,0],"955":[0,0],"956":[0,0],"957":[0,0],"958":[0,0,0],"959":[9,6],"960":[0,0],"961":[0,0],"962":[0,0],"963":[0,0],"964":[0,0],"965":[0,0],"966":[0,0],"967":[0,0],"968":[0,0],"969":[0,0],"970":[0,0],"971":[0,0],"972":[0,0,0],"973":[0,0],"974":[0,0],"975":[0,0],"976":[0,0],"977":[0,0,0],"978":[0,0,0],"979":[0,0],"980":[0,0],"981":[0,0],"982":[0,9],"983":[9,0],"984":[0,0],"985":[0,0],"986":[0,0],"987":[0,0],"988":[0,0],"989":[0,0],"990":[0,0],"991":[0,0],"992":[0,0],"993":[0,0],"994":[0,0],"995":[0,0],"996":[0,0],"997":[0,0],"998":[0,0],"999":[0,0],"1000":[0,0],"1001":[0,0],"1002":[0,0],"1003":[0,0],"1004":[0,0],"1005":[0,0],"1006":[0,0],"1007":[0,0],"1008":[0,0],"1009":[0,0],"1010":[0,0],"1011":[0,0],"1012":[0,0],"1013":[0,0],"1014":[0,0],"1015":[0,0],"1016":[0,0],"1017":[0,0],"1018":[0,0,0],"1019":[0,0,0],"1020":[0,0],"1021":[0,0],"1022":[0,0,0],"1023":[0,0],"1024":[0,0],"1025":[0,0],"1026":[0,0],"1027":[0,0],"1028":[0,0,0,0,0],"1029":[0,0],"1030":[0,0],"1031":[0,0],"1032":[0,0],"1033":[0,0],"1034":[0,0],"1035":[0,0],"1036":[0,0],"1037":[0,0],"1038":[0,0],"1039":[0,0],"1040":[0,0],"1041":[0,0],"1042":[0,0],"1043":[0,0],"1044":[0,0],"1045":[0,0,0,0,0],"1046":[0,0,0,0,0],"1047":[0,0],"1048":[0,0],"1049":[0,0],"1050":[0,0,0],"1051":[0,0],"1052":[0,0],"1053":[0,0,0],"1054":[0,0],"1055":[0,0],"1056":[0,0],"1057":[0,0],"1058":[0,0],"1059":[0,0],"1060":[0,0],"1061":[0,0,0],"1062":[0,0,0,0],"1063":[0,0,0,0],"1064":[0,0,0],"1065":[0,0],"1066":[0,0],"1067":[0,0],"1068":[0,0,0],"1069":[0,0,0],"1070":[0,0,0],"1071":[0,0],"1072":[0,0],"1073":[0,0,0],"1074":[0,0],"1075":[0,0],"1076":[0,0,0],"1077":[0,0],"1078":[0,0],"1079":[0,0,0],"1080":[0,0],"1081":[0,0,0],"1082":[0,0],"1083":[0,0],"1084":[0,0],"1085":[0,0],"1086":[0,0],"1087":[0,0,0],"1088":[0,0],"1089":[0,0,0],"1090":[0,0],"1091":[0,0],"1092":[0,0,0],"1093":[0,0],"1094":[0,0],"1095":[0,0],"1096":[0,0],"1097":[0,0],"1098":[48,48],"1099":[0,0],"1100":[0,0],"1101":[0,0],"1102":[0,0,0],"1103":[0,0],"1104":[0,0,0],"1105":[0,0],"1106":[0,0],"1107":[0,0,0],"1108":[0,0,0],"1109":[0,0],"1110":[0,0],"1111":[0,0],"1112":[0,0,0],"1113":[0,0],"1114":[0,0,0],"1115":[0,0],"1116":[0,0],"1117":[0,0,0],"1118":[3,0],"1119":[0,0,0],"1120":[0,0],"1121":[0,0],"1122":[0,0],"1123":[0,0],"1124":[0,0],"1125":[0,0],"1126":[0,0],"1127":[0,0],"1128":[0,0],"1129":[0,0],"1130":[0,0],"1131":[0,0],"1132":[0,0],"1133":[0,0],"1134":[0,0],"1135":[0,0],"1136":[0,0],"1137":[0,0],"1138":[0,0],"1139":[0,0],"1140":[0,0],"1141":[0,0,0],"1142":[0,0],"1143":[0,0],"1144":[0,0],"1145":[0,0],"1146":[0,0],"1147":[0,0],"1148":[0,0],"1149":[0,0],"1150":[0,0],"1151":[0,0],"1152":[0,0],"1153":[0,0],"1154":[0,0],"1155":[0,0],"1156":[0,0,0,0],"1157":[0,0],"1158":[0,0],"1159":[0,0],"1160":[0,0,0],"1161":[0,0],"1162":[0,0],"1163":[0,0],"1164":[0,0],"1165":[0,0],"1166":[0,0],"1167":[0,0],"1168":[0,0],"1169":[0,0],"1170":[0,0,0,0,0],"1171":[0,0],"1172":[0,0],"1173":[0,0],"1174":[0,0],"1175":[6,0],"1176":[0,0],"1177":[0,0],"1178":[0,0],"1179":[0,0],"1180":[0,0],"1181":[0,0],"1182":[0,0,0,0],"1183":[0,0],"1184":[0,0],"1185":[0,0],"1186":[0,0],"1187":[0,0],"1188":[0,0],"1189":[0,0],"1190":[0,0],"1191":[0,0],"1192":[0,0,0],"1193":[0,0],"1194":[0,0,0],"1195":[0,0],"1196":[0,0],"1197":[0,0],"1198":[0,0],"1199":[0,0,0],"1200":[0,0],"1201":[0,0],"1202":[0,0],"1203":[0,0],"1204":[0,0],"1205":[0,0],"1206":[0,0,0,0],"1207":[0,0],"1208":[0,0],"1209":[0,0,0,0,0,0,0,0,0],"1210":[0,0],"1211":[0,0],"1212":[0,0],"1213":[0,0],"1214":[0,0],"1215":[3,3],"1216":[0,0,0],"1217":[0,0],"1218":[0,0],"1219":[0,0,0],"1220":[0,0],"1221":[0,0],"1222":[0,0],"1223":[0,0,0],"1224":[0,0],"1225":[0,0],"1226":[0,0],"1227":[0,0],"1228":[0,0],"1229":[0,0],"1230":[0,0],"1231":[0,0],"1232":[0,0],"1233":[0,0],"1234":[0,0],"1235":[0,0,0],"1236":[0,0],"1237":[0,0,0,0,0,0],"1238":[0,0],"1239":[0,0],"1240":[18,9],"1241":[18,0],"1242":[18,0],"1243":[0,21],"1244":[0,0],"1245":[0,0],"1246":[21,18],"1247":[0,0],"1248":[0,0],"1249":[0,0,0],"1250":[0,0],"1251":[0,0,0],"1252":[6,0],"1253":[15,15],"1254":[0,15],"1255":[15,6],"1256":[6,6],"1257":[0,6],"1258":[0,0],"1259":[0,0],"1260":[0,0],"1261":[0,0],"1262":[0,0,0],"1263":[0,0],"1264":[0,0],"1265":[0,0],"1266":[0,0],"1267":[0,0],"1268":[0,0],"1269":[0,0],"1270":[0,0],"1271":[0,0],"1272":[0,0],"1273":[0,0],"1274":[0,0],"1275":[0,0],"1276":[0,0],"1277":[0,0,0],"1278":[0,0,0,0],"1279":[0,0],"1280":[0,0],"1281":[0,0],"1282":[0,0,0,0],"1283":[0,0,0],"1284":[0,0],"1285":[0,0],"1286":[0,0,0,0],"1287":[0,0],"1288":[0,0,0,0],"1289":[0,0],"1290":[0,0],"1291":[0,0],"1292":[0,0],"1293":[0,0],"1294":[0,0],"1295":[0,0,0,0,0],"1296":[0,0],"1297":[0,0],"1298":[0,0],"1299":[0,0],"1300":[0,0,0],"1301":[0,0],"1302":[0,0],"1303":[0,0],"1304":[0,0,0],"1305":[0,0],"1306":[0,0],"1307":[0,0],"1308":[0,0],"1309":[0,0],"1310":[0,0,0],"1311":[0,0],"1312":[0,0],"1313":[0,0],"1314":[0,0],"1315":[0,0],"1316":[0,0],"1317":[0,0],"1318":[0,0],"1319":[0,0],"1320":[0,0],"1321":[0,0],"1322":[0,0],"1323":[0,0],"1324":[0,0,0],"1325":[0,0],"1326":[0,0],"1327":[0,0],"1328":[0,0,0,0],"1329":[0,0],"1330":[0,0],"1331":[0,0],"1332":[0,0],"1333":[0,0],"1334":[0,0],"1335":[0,0],"1336":[0,0],"1337":[0,0],"1338":[0,0],"1339":[0,0],"1340":[0,0],"1341":[0,0],"1342":[0,0],"1343":[0,0],"1344":[0,0],"1345":[0,0],"1346":[0,0],"1347":[0,0],"1348":[0,0],"1349":[0,0],"1350":[0,0,0],"1351":[0,0],"1352":[0,0],"1353":[0,0],"1354":[0,0],"1355":[0,0],"1356":[0,0],"1357":[0,0],"1358":[0,0],"1359":[0,0],"1360":[0,0],"1361":[0,0],"1362":[0,0],"1363":[0,0],"1364":[0,0],"1365":[0,0],"1366":[0,0],"1367":[0,0],"1368":[0,0],"1369":[0,0],"1370":[0,0,0],"1371":[3,3],"1372":[0,0],"1373":[0,0,0],"1374":[0,0],"1375":[0,0,0],"1376":[0,0,0],"1377":[0,0],"1378":[0,0],"1379":[0,0],"1380":[0,0],"1381":[0,0],"1382":[0,0],"1383":[0,0],"1384":[0,0],"1385":[0,0],"1386":[0,0],"1387":[0,0],"1388":[0,0,0],"1389":[0,0],"1390":[0,0],"1391":[0,0],"1392":[0,0],"1393":[0,0],"1394":[0,0],"1395":[0,0],"1396":[0,0],"1397":[0,0],"1398":[0,0],"1399":[0,0],"1400":[0,0],"1401":[0,0],"1402":[0,0],"1403":[0,0,0,0],"1404":[0,0],"1405":[0,0],"1406":[0,0],"1407":[0,0],"1408":[0,0],"1409":[0,0],"1410":[0,0],"1411":[0,0],"1412":[0,0],"1413":[0,0],"1414":[0,0,0],"1415":[0,0],"1416":[0,0],"1417":[0,0],"1418":[0,0],"1419":[0,0],"1420":[0,0],"1421":[0,0,0],"1422":[0,0],"1423":[0,0],"1424":[0,0,0],"1425":[0,0],"1426":[0,0],"1427":[0,0],"1428":[0,0],"1429":[0,0],"1430":[0,0],"1431":[0,0],"1432":[0,0,0],"1433":[0,0],"1434":[0,0],"1435":[0,0],"1436":[0,0],"1437":[0,0],"1438":[0,0],"1439":[0,0],"1440":[0,0],"1441":[0,0],"1442":[0,0],"1443":[0,0],"1444":[0,0],"1445":[0,0],"1446":[0,0],"1447":[0,0],"1448":[0,0,0,0],"1449":[0,0,0,0],"1450":[0,0],"1451":[0,0],"1452":[0,0],"1453":[0,0],"1454":[0,0],"1455":[0,0],"1456":[0,0],"1457":[0,0],"1458":[0,0],"1459":[0,0],"1460":[0,0],"1461":[0,0,0],"1462":[0,0],"1463":[0,0],"1464":[0,0],"1465":[0,0],"1466":[0,0],"1467":[0,0],"1468":[0,0],"1469":[0,0],"1470":[0,0],"1471":[0,0],"1472":[0,0],"1473":[0,0],"1474":[0,0],"1475":[0,0],"1476":[0,0],"1477":[0,0],"1478":[0,0],"1479":[0,0,0],"1480":[0,0],"1481":[3,0,0],"1482":[0,0],"1483":[0,0,0],"1484":[3,0]},"_coverageSchema":"1a1c01bbd47fc00a2c39e90264f33305004495a9","hash":"1e845aed653df933c9381a2953401280f34cb1ba"}
,"/Users/chriskowalczyk/Downloads/GUO/Flask_Project/static/friendSearch.js": {"path":"/Users/chriskowalczyk/Downloads/GUO/Flask_Project/static/friendSearch.js","statementMap":{"0":{"start":{"line":2,"column":0},"end":{"line":2,"column":44}},"1":{"start":{"line":3,"column":0},"end":{"line":3,"column":48}},"2":{"start":{"line":6,"column":2},"end":{"line":6,"column":24}},"3":{"start":{"line":7,"column":21},"end":{"line":7,"column":71}},"4":{"start":{"line":8,"column":17},"end":{"line":8,"column":66}},"5":{"start":{"line":10,"column":24},"end":{"line":10,"column":83}},"6":{"start":{"line":12,"column":2},"end":{"line":12,"column":28}},"7":{"start":{"line":13,"column":25},"end":{"line":13,"column":50}},"8":{"start":{"line":15,"column":2},"end":{"line":22,"column":4}},"9":{"start":{"line":24,"column":2},"end":{"line":24,"column":30}},"10":{"start":{"line":27,"column":0},"end":{"line":29,"column":1}}},"fnMap":{"0":{"name":"addFriend","decl":{"start":{"line":5,"column":9},"end":{"line":5,"column":18}},"loc":{"start":{"line":5,"column":26},"end":{"line":25,"column":1}},"line":5}},"branchMap":{},"s":{"0":1,"1":1,"2":2,"3":2,"4":2,"5":2,"6":2,"7":2,"8":2,"9":2,"10":1},"f":{"0":2},"b":{},"_coverageSchema":"1a1c01bbd47fc00a2c39e90264f33305004495a9","hash":"4679052f81ee9ffb2d81573c4169a866d92a77c8"}
,"/Users/chriskowalczyk/Downloads/GUO/Flask_Project/static/sessions.js": {"path":"/Users/chriskowalczyk/Downloads/GUO/Flask_Project/static/sessions.js","statementMap":{"0":{"start":{"line":2,"column":0},"end":{"line":2,"column":44}},"1":{"start":{"line":5,"column":14},"end":{"line":5,"column":30}},"2":{"start":{"line":6,"column":2},"end":{"line":6,"column":53}},"3":{"start":{"line":7,"column":2},"end":{"line":7,"column":69}},"4":{"start":{"line":11,"column":15},"end":{"line":11,"column":29}},"5":{"start":{"line":12,"column":2},"end":{"line":12,"column":55}},"6":{"start":{"line":13,"column":2},"end":{"line":13,"column":71}},"7":{"start":{"line":17,"column":2},"end":{"line":17,"column":29}},"8":{"start":{"line":18,"column":14},"end":{"line":18,"column":49}},"9":{"start":{"line":20,"column":15},"end":{"line":20,"column":52}},"10":{"start":{"line":21,"column":2},"end":{"line":21,"column":23}},"11":{"start":{"line":23,"column":21},"end":{"line":23,"column":57}},"12":{"start":{"line":24,"column":22},"end":{"line":24,"column":44}},"13":{"start":{"line":26,"column":2},"end":{"line":32,"column":4}},"14":{"start":{"line":36,"column":2},"end":{"line":44,"column":4}},"15":{"start":{"line":42,"column":31},"end":{"line":42,"column":47}},"16":{"start":{"line":43,"column":29},"end":{"line":43,"column":49}},"17":{"start":{"line":48,"column":14},"end":{"line":48,"column":54}},"18":{"start":{"line":49,"column":16},"end":{"line":49,"column":32}},"19":{"start":{"line":50,"column":2},"end":{"line":52,"column":3}},"20":{"start":{"line":51,"column":4},"end":{"line":51,"column":29}},"21":{"start":{"line":53,"column":13},"end":{"line":53,"column":19}},"22":{"start":{"line":54,"column":2},"end":{"line":54,"column":68}},"23":{"start":{"line":55,"column":2},"end":{"line":62,"column":3}},"24":{"start":{"line":55,"column":15},"end":{"line":55,"column":16}},"25":{"start":{"line":56,"column":4},"end":{"line":56,"column":77}},"26":{"start":{"line":57,"column":4},"end":{"line":57,"column":22}},"27":{"start":{"line":58,"column":4},"end":{"line":58,"column":19}},"28":{"start":{"line":59,"column":4},"end":{"line":59,"column":22}},"29":{"start":{"line":60,"column":4},"end":{"line":60,"column":28}},"30":{"start":{"line":61,"column":4},"end":{"line":61,"column":25}},"31":{"start":{"line":63,"column":2},"end":{"line":63,"column":26}},"32":{"start":{"line":66,"column":0},"end":{"line":72,"column":1}}},"fnMap":{"0":{"name":"movieSearch","decl":{"start":{"line":4,"column":9},"end":{"line":4,"column":20}},"loc":{"start":{"line":4,"column":24},"end":{"line":8,"column":1}},"line":4},"1":{"name":"friendSearch","decl":{"start":{"line":10,"column":9},"end":{"line":10,"column":21}},"loc":{"start":{"line":10,"column":25},"end":{"line":14,"column":1}},"line":10},"2":{"name":"quickAdd","decl":{"start":{"line":16,"column":9},"end":{"line":16,"column":17}},"loc":{"start":{"line":16,"column":30},"end":{"line":33,"column":1}},"line":16},"3":{"name":"refreshTopMovies","decl":{"start":{"line":35,"column":9},"end":{"line":35,"column":25}},"loc":{"start":{"line":35,"column":29},"end":{"line":45,"column":1}},"line":35},"4":{"name":"(anonymous_4)","decl":{"start":{"line":42,"column":13},"end":{"line":42,"column":14}},"loc":{"start":{"line":42,"column":29},"end":{"line":42,"column":49}},"line":42},"5":{"name":"(anonymous_5)","decl":{"start":{"line":43,"column":11},"end":{"line":43,"column":12}},"loc":{"start":{"line":43,"column":27},"end":{"line":43,"column":51}},"line":43},"6":{"name":"updateHTML","decl":{"start":{"line":47,"column":9},"end":{"line":47,"column":19}},"loc":{"start":{"line":47,"column":27},"end":{"line":64,"column":1}},"line":47}},"branchMap":{"0":{"loc":{"start":{"line":50,"column":2},"end":{"line":52,"column":3}},"type":"if","locations":[{"start":{"line":50,"column":2},"end":{"line":52,"column":3}},{"start":{"line":50,"column":2},"end":{"line":52,"column":3}}],"line":50}},"s":{"0":1,"1":2,"2":2,"3":2,"4":2,"5":2,"6":2,"7":2,"8":2,"9":2,"10":2,"11":2,"12":2,"13":2,"14":1,"15":0,"16":0,"17":2,"18":2,"19":2,"20":1,"21":2,"22":2,"23":2,"24":2,"25":3,"26":3,"27":3,"28":3,"29":3,"30":3,"31":2,"32":1},"f":{"0":2,"1":2,"2":2,"3":1,"4":0,"5":0,"6":2},"b":{"0":[1,1]},"_coverageSchema":"1a1c01bbd47fc00a2c39e90264f33305004495a9","hash":"6c5e96463251953b0fb19c298c674cc6829d25e3"}
,"/Users/chriskowalczyk/Downloads/GUO/Flask_Project/static/view.js": {"path":"/Users/chriskowalczyk/Downloads/GUO/Flask_Project/static/view.js","statementMap":{"0":{"start":{"line":2,"column":0},"end":{"line":2,"column":44}},"1":{"start":{"line":4,"column":20},"end":{"line":4,"column":62}},"2":{"start":{"line":5,"column":21},"end":{"line":5,"column":57}},"3":{"start":{"line":6,"column":22},"end":{"line":6,"column":44}},"4":{"start":{"line":8,"column":2},"end":{"line":8,"column":36}},"5":{"start":{"line":9,"column":2},"end":{"line":15,"column":4}},"6":{"start":{"line":19,"column":16},"end":{"line":19,"column":19}},"7":{"start":{"line":20,"column":15},"end":{"line":20,"column":18}},"8":{"start":{"line":22,"column":20},"end":{"line":22,"column":62}},"9":{"start":{"line":23,"column":19},"end":{"line":23,"column":70}},"10":{"start":{"line":24,"column":17},"end":{"line":24,"column":75}},"11":{"start":{"line":25,"column":2},"end":{"line":25,"column":61}},"12":{"start":{"line":26,"column":19},"end":{"line":26,"column":69}},"13":{"start":{"line":28,"column":16},"end":{"line":28,"column":62}},"14":{"start":{"line":30,"column":2},"end":{"line":30,"column":22}},"15":{"start":{"line":32,"column":2},"end":{"line":32,"column":44}},"16":{"start":{"line":33,"column":22},"end":{"line":33,"column":41}},"17":{"start":{"line":34,"column":2},"end":{"line":34,"column":35}},"18":{"start":{"line":35,"column":2},"end":{"line":41,"column":4}},"19":{"start":{"line":44,"column":0},"end":{"line":47,"column":1}}},"fnMap":{"0":{"name":"addWishList","decl":{"start":{"line":3,"column":9},"end":{"line":3,"column":20}},"loc":{"start":{"line":3,"column":24},"end":{"line":16,"column":1}},"line":3},"1":{"name":"addSession","decl":{"start":{"line":18,"column":9},"end":{"line":18,"column":19}},"loc":{"start":{"line":18,"column":23},"end":{"line":42,"column":1}},"line":18}},"branchMap":{},"s":{"0":1,"1":2,"2":2,"3":2,"4":2,"5":2,"6":3,"7":3,"8":3,"9":3,"10":3,"11":3,"12":3,"13":3,"14":3,"15":3,"16":3,"17":3,"18":3,"19":1},"f":{"0":2,"1":3},"b":{},"_coverageSchema":"1a1c01bbd47fc00a2c39e90264f33305004495a9","hash":"62b5d1a7f1e00c60d3a4837ee606371dda880f75"}
}
